<?xml version="1.0" encoding="UTF-8"?>
<robot generator="Robot 3.2.2 (Python 3.10.4 on win32)" generated="20230812 11:41:41.592" rpa="false">
<suite id="s1" name="Project" source="C:\Users\shaha\OneDrive\Documents\GitHub\EECS-3311-Final-Project\project">
<suite id="s1-s1" name="Src" source="C:\Users\shaha\OneDrive\Documents\GitHub\EECS-3311-Final-Project\project\src">
<suite id="s1-s1-s1" name="Main" source="C:\Users\shaha\OneDrive\Documents\GitHub\EECS-3311-Final-Project\project\src\main">
<suite id="s1-s1-s1-s1" name="Java" source="C:\Users\shaha\OneDrive\Documents\GitHub\EECS-3311-Final-Project\project\src\main\java">
<suite id="s1-s1-s1-s1-s1" name="Ca" source="C:\Users\shaha\OneDrive\Documents\GitHub\EECS-3311-Final-Project\project\src\main\java\ca">
<suite id="s1-s1-s1-s1-s1-s1" name="Yorku" source="C:\Users\shaha\OneDrive\Documents\GitHub\EECS-3311-Final-Project\project\src\main\java\ca\yorku">
<suite id="s1-s1-s1-s1-s1-s1-s1" name="Eecs" source="C:\Users\shaha\OneDrive\Documents\GitHub\EECS-3311-Final-Project\project\src\main\java\ca\yorku\eecs">
<suite id="s1-s1-s1-s1-s1-s1-s1-s1" name="testRobot" source="C:\Users\shaha\OneDrive\Documents\GitHub\EECS-3311-Final-Project\project\src\main\java\ca\yorku\eecs\testRobot.robot">
<kw name="Create Session" library="RequestsLibrary" type="setup">
<doc>Create Session: create a HTTP session to a server</doc>
<arguments>
<arg>localhost</arg>
<arg>http://localhost:8080</arg>
</arguments>
<msg timestamp="20230812 11:41:41.767" level="INFO">Creating Session using : alias=localhost, url=http://localhost:8080, headers={},                     cookies={}, auth=None, timeout=None, proxies=None, verify=False,                     debug=0 </msg>
<status status="PASS" starttime="20230812 11:41:41.767" endtime="20230812 11:41:41.768"></status>
</kw>
<test id="s1-s1-s1-s1-s1-s1-s1-s1-t1" name="addActorPass">
<kw name="Create Dictionary" library="BuiltIn">
<doc>Creates and returns a dictionary based on the given ``items``.</doc>
<arguments>
<arg>Content-Type=application/json</arg>
</arguments>
<assign>
<var>${headers}</var>
</assign>
<msg timestamp="20230812 11:41:41.769" level="INFO">${headers} = {'Content-Type': 'application/json'}</msg>
<status status="PASS" starttime="20230812 11:41:41.769" endtime="20230812 11:41:41.769"></status>
</kw>
<kw name="Create Dictionary" library="BuiltIn">
<doc>Creates and returns a dictionary based on the given ``items``.</doc>
<arguments>
<arg>name=Margot Robbie</arg>
<arg>actorId=nm10</arg>
</arguments>
<assign>
<var>${params}</var>
</assign>
<msg timestamp="20230812 11:41:41.770" level="INFO">${params} = {'name': 'Margot Robbie', 'actorId': 'nm10'}</msg>
<status status="PASS" starttime="20230812 11:41:41.770" endtime="20230812 11:41:41.770"></status>
</kw>
<kw name="PUT On Session" library="RequestsLibrary">
<doc>Sends a PUT request on a previously created HTTP Session.</doc>
<arguments>
<arg>localhost</arg>
<arg>/api/v1/addActor</arg>
<arg>json=${params}</arg>
<arg>headers=${headers}</arg>
<arg>expected_status=200</arg>
</arguments>
<assign>
<var>${resp}</var>
</assign>
<msg timestamp="20230812 11:41:41.776" level="INFO">PUT Request : url=http://localhost:8080/api/v1/addActor 
 path_url=/api/v1/addActor 
 headers={'User-Agent': 'python-requests/2.31.0', 'Accept-Encoding': 'gzip, deflate', 'Accept': '*/*', 'Connection': 'keep-alive', 'Content-Type': 'application/json', 'Content-Length': '44'} 
 body=b'{"name": "Margot Robbie", "actorId": "nm10"}' 
 </msg>
<msg timestamp="20230812 11:41:41.778" level="INFO">PUT Response : url=http://localhost:8080/api/v1/addActor 
 status=400, reason=Bad Request 
 headers={'Date': 'Sat, 12 Aug 2023 15:41:41 GMT', 'Content-length': '16'} 
 body=400 BAD REQUEST
 
 </msg>
<msg timestamp="20230812 11:41:41.780" level="FAIL">Url: http://localhost:8080/api/v1/addActor Expected status: 400 != 200</msg>
<status status="FAIL" starttime="20230812 11:41:41.770" endtime="20230812 11:41:41.780"></status>
</kw>
<timeout value="30 seconds"></timeout>
<status status="FAIL" starttime="20230812 11:41:41.768" endtime="20230812 11:41:41.781" critical="yes">Url: http://localhost:8080/api/v1/addActor Expected status: 400 != 200</status>
</test>
<test id="s1-s1-s1-s1-s1-s1-s1-s1-t2" name="addActorFail">
<kw name="Create Dictionary" library="BuiltIn">
<doc>Creates and returns a dictionary based on the given ``items``.</doc>
<arguments>
<arg>Content-Type=application/json</arg>
</arguments>
<assign>
<var>${headers}</var>
</assign>
<msg timestamp="20230812 11:41:41.782" level="INFO">${headers} = {'Content-Type': 'application/json'}</msg>
<status status="PASS" starttime="20230812 11:41:41.782" endtime="20230812 11:41:41.782"></status>
</kw>
<kw name="Create Dictionary" library="BuiltIn">
<doc>Creates and returns a dictionary based on the given ``items``.</doc>
<arguments>
<arg>name=Devin</arg>
<arg>actorId=nm0000102</arg>
</arguments>
<assign>
<var>${params}</var>
</assign>
<msg timestamp="20230812 11:41:41.782" level="INFO">${params} = {'name': 'Devin', 'actorId': 'nm0000102'}</msg>
<status status="PASS" starttime="20230812 11:41:41.782" endtime="20230812 11:41:41.783"></status>
</kw>
<kw name="PUT On Session" library="RequestsLibrary">
<doc>Sends a PUT request on a previously created HTTP Session.</doc>
<arguments>
<arg>localhost</arg>
<arg>/api/v1/addActor</arg>
<arg>json=${params}</arg>
<arg>headers=${headers}</arg>
<arg>expected_status=400</arg>
</arguments>
<assign>
<var>${resp}</var>
</assign>
<msg timestamp="20230812 11:41:41.785" level="INFO">PUT Request : url=http://localhost:8080/api/v1/addActor 
 path_url=/api/v1/addActor 
 headers={'User-Agent': 'python-requests/2.31.0', 'Accept-Encoding': 'gzip, deflate', 'Accept': '*/*', 'Connection': 'keep-alive', 'Content-Type': 'application/json', 'Content-Length': '41'} 
 body=b'{"name": "Devin", "actorId": "nm0000102"}' 
 </msg>
<msg timestamp="20230812 11:41:41.785" level="INFO">PUT Response : url=http://localhost:8080/api/v1/addActor 
 status=400, reason=Bad Request 
 headers={'Date': 'Sat, 12 Aug 2023 15:41:41 GMT', 'Content-length': '16'} 
 body=400 BAD REQUEST
 
 </msg>
<msg timestamp="20230812 11:41:41.785" level="INFO">${resp} = &lt;Response [400]&gt;</msg>
<status status="PASS" starttime="20230812 11:41:41.783" endtime="20230812 11:41:41.785"></status>
</kw>
<timeout value="30 seconds"></timeout>
<status status="PASS" starttime="20230812 11:41:41.781" endtime="20230812 11:41:41.786" critical="yes"></status>
</test>
<test id="s1-s1-s1-s1-s1-s1-s1-s1-t3" name="addMoviePass">
<kw name="Create Dictionary" library="BuiltIn">
<doc>Creates and returns a dictionary based on the given ``items``.</doc>
<arguments>
<arg>Content-Type=application/json</arg>
</arguments>
<assign>
<var>${headers}</var>
</assign>
<msg timestamp="20230812 11:41:41.787" level="INFO">${headers} = {'Content-Type': 'application/json'}</msg>
<status status="PASS" starttime="20230812 11:41:41.786" endtime="20230812 11:41:41.787"></status>
</kw>
<kw name="Create Dictionary" library="BuiltIn">
<doc>Creates and returns a dictionary based on the given ``items``.</doc>
<arguments>
<arg>name=Parasites</arg>
<arg>movieId=nm144444</arg>
</arguments>
<assign>
<var>${params}</var>
</assign>
<msg timestamp="20230812 11:41:41.787" level="INFO">${params} = {'name': 'Parasites', 'movieId': 'nm144444'}</msg>
<status status="PASS" starttime="20230812 11:41:41.787" endtime="20230812 11:41:41.787"></status>
</kw>
<kw name="PUT On Session" library="RequestsLibrary">
<doc>Sends a PUT request on a previously created HTTP Session.</doc>
<arguments>
<arg>localhost</arg>
<arg>/api/v1/addMovie</arg>
<arg>json=${params}</arg>
<arg>headers=${headers}</arg>
<arg>expected_status=200</arg>
</arguments>
<assign>
<var>${resp}</var>
</assign>
<msg timestamp="20230812 11:41:41.790" level="INFO">PUT Request : url=http://localhost:8080/api/v1/addMovie 
 path_url=/api/v1/addMovie 
 headers={'User-Agent': 'python-requests/2.31.0', 'Accept-Encoding': 'gzip, deflate', 'Accept': '*/*', 'Connection': 'keep-alive', 'Content-Type': 'application/json', 'Content-Length': '44'} 
 body=b'{"name": "Parasites", "movieId": "nm144444"}' 
 </msg>
<msg timestamp="20230812 11:41:41.790" level="INFO">PUT Response : url=http://localhost:8080/api/v1/addMovie 
 status=400, reason=Bad Request 
 headers={'Date': 'Sat, 12 Aug 2023 15:41:41 GMT', 'Content-length': '16'} 
 body=400 BAD REQUEST
 
 </msg>
<msg timestamp="20230812 11:41:41.791" level="FAIL">Url: http://localhost:8080/api/v1/addMovie Expected status: 400 != 200</msg>
<status status="FAIL" starttime="20230812 11:41:41.788" endtime="20230812 11:41:41.791"></status>
</kw>
<timeout value="30 seconds"></timeout>
<status status="FAIL" starttime="20230812 11:41:41.786" endtime="20230812 11:41:41.792" critical="yes">Url: http://localhost:8080/api/v1/addMovie Expected status: 400 != 200</status>
</test>
<test id="s1-s1-s1-s1-s1-s1-s1-s1-t4" name="addMovieFail">
<kw name="Create Dictionary" library="BuiltIn">
<doc>Creates and returns a dictionary based on the given ``items``.</doc>
<arguments>
<arg>Content-Type=application/json</arg>
</arguments>
<assign>
<var>${headers}</var>
</assign>
<msg timestamp="20230812 11:41:41.793" level="INFO">${headers} = {'Content-Type': 'application/json'}</msg>
<status status="PASS" starttime="20230812 11:41:41.793" endtime="20230812 11:41:41.793"></status>
</kw>
<kw name="Create Dictionary" library="BuiltIn">
<doc>Creates and returns a dictionary based on the given ``items``.</doc>
<arguments>
<arg>title=Animal Farm</arg>
<arg>movieId=tt0394</arg>
</arguments>
<assign>
<var>${params}</var>
</assign>
<msg timestamp="20230812 11:41:41.793" level="INFO">${params} = {'title': 'Animal Farm', 'movieId': 'tt0394'}</msg>
<status status="PASS" starttime="20230812 11:41:41.793" endtime="20230812 11:41:41.793"></status>
</kw>
<kw name="PUT On Session" library="RequestsLibrary">
<doc>Sends a PUT request on a previously created HTTP Session.</doc>
<arguments>
<arg>localhost</arg>
<arg>/api/v1/addMovie</arg>
<arg>json=${params}</arg>
<arg>headers=${headers}</arg>
<arg>expected_status=400</arg>
</arguments>
<assign>
<var>${resp}</var>
</assign>
<msg timestamp="20230812 11:41:41.795" level="INFO">PUT Request : url=http://localhost:8080/api/v1/addMovie 
 path_url=/api/v1/addMovie 
 headers={'User-Agent': 'python-requests/2.31.0', 'Accept-Encoding': 'gzip, deflate', 'Accept': '*/*', 'Connection': 'keep-alive', 'Content-Type': 'application/json', 'Content-Length': '45'} 
 body=b'{"title": "Animal Farm", "movieId": "tt0394"}' 
 </msg>
<msg timestamp="20230812 11:41:41.796" level="INFO">PUT Response : url=http://localhost:8080/api/v1/addMovie 
 status=400, reason=Bad Request 
 headers={'Date': 'Sat, 12 Aug 2023 15:41:41 GMT', 'Content-length': '16'} 
 body=400 BAD REQUEST
 
 </msg>
<msg timestamp="20230812 11:41:41.796" level="INFO">${resp} = &lt;Response [400]&gt;</msg>
<status status="PASS" starttime="20230812 11:41:41.794" endtime="20230812 11:41:41.796"></status>
</kw>
<timeout value="30 seconds"></timeout>
<status status="PASS" starttime="20230812 11:41:41.792" endtime="20230812 11:41:41.796" critical="yes"></status>
</test>
<test id="s1-s1-s1-s1-s1-s1-s1-s1-t5" name="addRelationshipPass">
<kw name="Create Dictionary" library="BuiltIn">
<doc>Creates and returns a dictionary based on the given ``items``.</doc>
<arguments>
<arg>Content-Type=application/json</arg>
</arguments>
<assign>
<var>${headers}</var>
</assign>
<msg timestamp="20230812 11:41:41.797" level="INFO">${headers} = {'Content-Type': 'application/json'}</msg>
<status status="PASS" starttime="20230812 11:41:41.797" endtime="20230812 11:41:41.798"></status>
</kw>
<kw name="Create Dictionary" library="BuiltIn">
<doc>Creates and returns a dictionary based on the given ``items``.</doc>
<arguments>
<arg>actorId=nm17482</arg>
<arg>movieId=nm144444</arg>
</arguments>
<assign>
<var>${params}</var>
</assign>
<msg timestamp="20230812 11:41:41.798" level="INFO">${params} = {'actorId': 'nm17482', 'movieId': 'nm144444'}</msg>
<status status="PASS" starttime="20230812 11:41:41.798" endtime="20230812 11:41:41.798"></status>
</kw>
<kw name="PUT On Session" library="RequestsLibrary">
<doc>Sends a PUT request on a previously created HTTP Session.</doc>
<arguments>
<arg>localhost</arg>
<arg>/api/v1/addRelationship</arg>
<arg>json=${params}</arg>
<arg>headers=${headers}</arg>
<arg>expected_status=200</arg>
</arguments>
<assign>
<var>${resp}</var>
</assign>
<msg timestamp="20230812 11:41:41.996" level="INFO">PUT Request : url=http://localhost:8080/api/v1/addRelationship 
 path_url=/api/v1/addRelationship 
 headers={'User-Agent': 'python-requests/2.31.0', 'Accept-Encoding': 'gzip, deflate', 'Accept': '*/*', 'Connection': 'keep-alive', 'Content-Type': 'application/json', 'Content-Length': '45'} 
 body=b'{"actorId": "nm17482", "movieId": "nm144444"}' 
 </msg>
<msg timestamp="20230812 11:41:41.996" level="INFO">PUT Response : url=http://localhost:8080/api/v1/addRelationship 
 status=200, reason=OK 
 headers={'Date': 'Sat, 12 Aug 2023 15:41:41 GMT', 'Content-length': '7'} 
 body=200 OK
 
 </msg>
<msg timestamp="20230812 11:41:41.996" level="INFO">${resp} = &lt;Response [200]&gt;</msg>
<status status="PASS" starttime="20230812 11:41:41.798" endtime="20230812 11:41:41.996"></status>
</kw>
<timeout value="30 seconds"></timeout>
<status status="PASS" starttime="20230812 11:41:41.797" endtime="20230812 11:41:41.997" critical="yes"></status>
</test>
<test id="s1-s1-s1-s1-s1-s1-s1-s1-t6" name="addRelationshipFail">
<kw name="Create Dictionary" library="BuiltIn">
<doc>Creates and returns a dictionary based on the given ``items``.</doc>
<arguments>
<arg>Content-Type=application/json</arg>
</arguments>
<assign>
<var>${headers}</var>
</assign>
<msg timestamp="20230812 11:41:41.998" level="INFO">${headers} = {'Content-Type': 'application/json'}</msg>
<status status="PASS" starttime="20230812 11:41:41.998" endtime="20230812 11:41:41.998"></status>
</kw>
<kw name="Create Dictionary" library="BuiltIn">
<doc>Creates and returns a dictionary based on the given ``items``.</doc>
<arguments>
<arg>actorId=nm1</arg>
<arg>movieId=tt1</arg>
</arguments>
<assign>
<var>${params}</var>
</assign>
<msg timestamp="20230812 11:41:41.998" level="INFO">${params} = {'actorId': 'nm1', 'movieId': 'tt1'}</msg>
<status status="PASS" starttime="20230812 11:41:41.998" endtime="20230812 11:41:41.998"></status>
</kw>
<kw name="PUT On Session" library="RequestsLibrary">
<doc>Sends a PUT request on a previously created HTTP Session.</doc>
<arguments>
<arg>localhost</arg>
<arg>/api/v1/addRelationship</arg>
<arg>json=${params}</arg>
<arg>headers=${headers}</arg>
<arg>expected_status=400</arg>
</arguments>
<assign>
<var>${resp}</var>
</assign>
<msg timestamp="20230812 11:41:42.013" level="INFO">PUT Request : url=http://localhost:8080/api/v1/addRelationship 
 path_url=/api/v1/addRelationship 
 headers={'User-Agent': 'python-requests/2.31.0', 'Accept-Encoding': 'gzip, deflate', 'Accept': '*/*', 'Connection': 'keep-alive', 'Content-Type': 'application/json', 'Content-Length': '36'} 
 body=b'{"actorId": "nm1", "movieId": "tt1"}' 
 </msg>
<msg timestamp="20230812 11:41:42.013" level="INFO">PUT Response : url=http://localhost:8080/api/v1/addRelationship 
 status=200, reason=OK 
 headers={'Date': 'Sat, 12 Aug 2023 15:41:42 GMT', 'Content-length': '7'} 
 body=200 OK
 
 </msg>
<msg timestamp="20230812 11:41:42.014" level="FAIL">Url: http://localhost:8080/api/v1/addRelationship Expected status: 200 != 400</msg>
<status status="FAIL" starttime="20230812 11:41:41.998" endtime="20230812 11:41:42.014"></status>
</kw>
<timeout value="30 seconds"></timeout>
<status status="FAIL" starttime="20230812 11:41:41.997" endtime="20230812 11:41:42.015" critical="yes">Url: http://localhost:8080/api/v1/addRelationship Expected status: 200 != 400</status>
</test>
<test id="s1-s1-s1-s1-s1-s1-s1-s1-t7" name="addAwardPass">
<kw name="Create Dictionary" library="BuiltIn">
<doc>Creates and returns a dictionary based on the given ``items``.</doc>
<arguments>
<arg>Content-Type=application/json</arg>
</arguments>
<assign>
<var>${headers}</var>
</assign>
<msg timestamp="20230812 11:41:42.016" level="INFO">${headers} = {'Content-Type': 'application/json'}</msg>
<status status="PASS" starttime="20230812 11:41:42.015" endtime="20230812 11:41:42.016"></status>
</kw>
<kw name="Create Dictionary" library="BuiltIn">
<doc>Creates and returns a dictionary based on the given ``items``.</doc>
<arguments>
<arg>awardId=aw2</arg>
<arg>name=Golden Globe</arg>
</arguments>
<assign>
<var>${params}</var>
</assign>
<msg timestamp="20230812 11:41:42.016" level="INFO">${params} = {'awardId': 'aw2', 'name': 'Golden Globe'}</msg>
<status status="PASS" starttime="20230812 11:41:42.016" endtime="20230812 11:41:42.016"></status>
</kw>
<kw name="PUT On Session" library="RequestsLibrary">
<doc>Sends a PUT request on a previously created HTTP Session.</doc>
<arguments>
<arg>localhost</arg>
<arg>/api/v1/addAward</arg>
<arg>json=${params}</arg>
<arg>headers=${headers}</arg>
<arg>expected_status=200</arg>
</arguments>
<assign>
<var>${resp}</var>
</assign>
<msg timestamp="20230812 11:41:42.020" level="INFO">PUT Request : url=http://localhost:8080/api/v1/addAward 
 path_url=/api/v1/addAward 
 headers={'User-Agent': 'python-requests/2.31.0', 'Accept-Encoding': 'gzip, deflate', 'Accept': '*/*', 'Connection': 'keep-alive', 'Content-Type': 'application/json', 'Content-Length': '42'} 
 body=b'{"awardId": "aw2", "name": "Golden Globe"}' 
 </msg>
<msg timestamp="20230812 11:41:42.020" level="INFO">PUT Response : url=http://localhost:8080/api/v1/addAward 
 status=400, reason=Bad Request 
 headers={'Date': 'Sat, 12 Aug 2023 15:41:42 GMT', 'Content-length': '16'} 
 body=400 BAD REQUEST
 
 </msg>
<msg timestamp="20230812 11:41:42.021" level="FAIL">Url: http://localhost:8080/api/v1/addAward Expected status: 400 != 200</msg>
<status status="FAIL" starttime="20230812 11:41:42.017" endtime="20230812 11:41:42.021"></status>
</kw>
<timeout value="30 seconds"></timeout>
<status status="FAIL" starttime="20230812 11:41:42.015" endtime="20230812 11:41:42.021" critical="yes">Url: http://localhost:8080/api/v1/addAward Expected status: 400 != 200</status>
</test>
<test id="s1-s1-s1-s1-s1-s1-s1-s1-t8" name="addAwardFail">
<kw name="Create Dictionary" library="BuiltIn">
<doc>Creates and returns a dictionary based on the given ``items``.</doc>
<arguments>
<arg>Content-Type=application/json</arg>
</arguments>
<assign>
<var>${headers}</var>
</assign>
<msg timestamp="20230812 11:41:42.023" level="INFO">${headers} = {'Content-Type': 'application/json'}</msg>
<status status="PASS" starttime="20230812 11:41:42.022" endtime="20230812 11:41:42.023"></status>
</kw>
<kw name="Create Dictionary" library="BuiltIn">
<doc>Creates and returns a dictionary based on the given ``items``.</doc>
<arguments>
<arg>awardId=aw1</arg>
<arg>name=Golden Globe</arg>
</arguments>
<assign>
<var>${params}</var>
</assign>
<msg timestamp="20230812 11:41:42.023" level="INFO">${params} = {'awardId': 'aw1', 'name': 'Golden Globe'}</msg>
<status status="PASS" starttime="20230812 11:41:42.023" endtime="20230812 11:41:42.023"></status>
</kw>
<kw name="PUT On Session" library="RequestsLibrary">
<doc>Sends a PUT request on a previously created HTTP Session.</doc>
<arguments>
<arg>localhost</arg>
<arg>/api/v1/addAward</arg>
<arg>json=${params}</arg>
<arg>headers=${headers}</arg>
<arg>expected_status=400</arg>
</arguments>
<assign>
<var>${resp}</var>
</assign>
<msg timestamp="20230812 11:41:42.026" level="INFO">PUT Request : url=http://localhost:8080/api/v1/addAward 
 path_url=/api/v1/addAward 
 headers={'User-Agent': 'python-requests/2.31.0', 'Accept-Encoding': 'gzip, deflate', 'Accept': '*/*', 'Connection': 'keep-alive', 'Content-Type': 'application/json', 'Content-Length': '42'} 
 body=b'{"awardId": "aw1", "name": "Golden Globe"}' 
 </msg>
<msg timestamp="20230812 11:41:42.026" level="INFO">PUT Response : url=http://localhost:8080/api/v1/addAward 
 status=400, reason=Bad Request 
 headers={'Date': 'Sat, 12 Aug 2023 15:41:42 GMT', 'Content-length': '16'} 
 body=400 BAD REQUEST
 
 </msg>
<msg timestamp="20230812 11:41:42.026" level="INFO">${resp} = &lt;Response [400]&gt;</msg>
<status status="PASS" starttime="20230812 11:41:42.023" endtime="20230812 11:41:42.026"></status>
</kw>
<timeout value="30 seconds"></timeout>
<status status="PASS" starttime="20230812 11:41:42.022" endtime="20230812 11:41:42.026" critical="yes"></status>
</test>
<test id="s1-s1-s1-s1-s1-s1-s1-s1-t9" name="addAwardWinnerPass">
<kw name="Create Dictionary" library="BuiltIn">
<doc>Creates and returns a dictionary based on the given ``items``.</doc>
<arguments>
<arg>Content-Type=application/json</arg>
</arguments>
<assign>
<var>${headers}</var>
</assign>
<msg timestamp="20230812 11:41:42.028" level="INFO">${headers} = {'Content-Type': 'application/json'}</msg>
<status status="PASS" starttime="20230812 11:41:42.027" endtime="20230812 11:41:42.028"></status>
</kw>
<kw name="Create Dictionary" library="BuiltIn">
<doc>Creates and returns a dictionary based on the given ``items``.</doc>
<arguments>
<arg>awardId=aw2</arg>
<arg>movieId=nm78</arg>
</arguments>
<assign>
<var>${params}</var>
</assign>
<msg timestamp="20230812 11:41:42.028" level="INFO">${params} = {'awardId': 'aw2', 'movieId': 'nm78'}</msg>
<status status="PASS" starttime="20230812 11:41:42.028" endtime="20230812 11:41:42.028"></status>
</kw>
<kw name="PUT On Session" library="RequestsLibrary">
<doc>Sends a PUT request on a previously created HTTP Session.</doc>
<arguments>
<arg>localhost</arg>
<arg>/api/v1/addAwardWinner</arg>
<arg>json=${params}</arg>
<arg>headers=${headers}</arg>
<arg>expected_status=200</arg>
</arguments>
<assign>
<var>${resp}</var>
</assign>
<msg timestamp="20230812 11:41:42.039" level="INFO">PUT Request : url=http://localhost:8080/api/v1/addAwardWinner 
 path_url=/api/v1/addAwardWinner 
 headers={'User-Agent': 'python-requests/2.31.0', 'Accept-Encoding': 'gzip, deflate', 'Accept': '*/*', 'Connection': 'keep-alive', 'Content-Type': 'application/json', 'Content-Length': '37'} 
 body=b'{"awardId": "aw2", "movieId": "nm78"}' 
 </msg>
<msg timestamp="20230812 11:41:42.039" level="INFO">PUT Response : url=http://localhost:8080/api/v1/addAwardWinner 
 status=200, reason=OK 
 headers={'Date': 'Sat, 12 Aug 2023 15:41:42 GMT', 'Content-length': '7'} 
 body=200 OK
 
 </msg>
<msg timestamp="20230812 11:41:42.040" level="INFO">${resp} = &lt;Response [200]&gt;</msg>
<status status="PASS" starttime="20230812 11:41:42.028" endtime="20230812 11:41:42.040"></status>
</kw>
<timeout value="30 seconds"></timeout>
<status status="PASS" starttime="20230812 11:41:42.027" endtime="20230812 11:41:42.040" critical="yes"></status>
</test>
<test id="s1-s1-s1-s1-s1-s1-s1-s1-t10" name="addAwardWinnerFail">
<kw name="Create Dictionary" library="BuiltIn">
<doc>Creates and returns a dictionary based on the given ``items``.</doc>
<arguments>
<arg>Content-Type=application/json</arg>
</arguments>
<assign>
<var>${headers}</var>
</assign>
<msg timestamp="20230812 11:41:42.041" level="INFO">${headers} = {'Content-Type': 'application/json'}</msg>
<status status="PASS" starttime="20230812 11:41:42.040" endtime="20230812 11:41:42.041"></status>
</kw>
<kw name="Create Dictionary" library="BuiltIn">
<doc>Creates and returns a dictionary based on the given ``items``.</doc>
<arguments>
<arg>awardId=aw999</arg>
<arg>movieId=tt999</arg>
</arguments>
<assign>
<var>${params}</var>
</assign>
<msg timestamp="20230812 11:41:42.042" level="INFO">${params} = {'awardId': 'aw999', 'movieId': 'tt999'}</msg>
<status status="PASS" starttime="20230812 11:41:42.041" endtime="20230812 11:41:42.042"></status>
</kw>
<kw name="PUT On Session" library="RequestsLibrary">
<doc>Sends a PUT request on a previously created HTTP Session.</doc>
<arguments>
<arg>localhost</arg>
<arg>/api/v1/addAwardWinner</arg>
<arg>json=${params}</arg>
<arg>headers=${headers}</arg>
<arg>expected_status=400</arg>
</arguments>
<assign>
<var>${resp}</var>
</assign>
<msg timestamp="20230812 11:41:42.053" level="INFO">PUT Request : url=http://localhost:8080/api/v1/addAwardWinner 
 path_url=/api/v1/addAwardWinner 
 headers={'User-Agent': 'python-requests/2.31.0', 'Accept-Encoding': 'gzip, deflate', 'Accept': '*/*', 'Connection': 'keep-alive', 'Content-Type': 'application/json', 'Content-Length': '40'} 
 body=b'{"awardId": "aw999", "movieId": "tt999"}' 
 </msg>
<msg timestamp="20230812 11:41:42.053" level="INFO">PUT Response : url=http://localhost:8080/api/v1/addAwardWinner 
 status=200, reason=OK 
 headers={'Date': 'Sat, 12 Aug 2023 15:41:42 GMT', 'Content-length': '7'} 
 body=200 OK
 
 </msg>
<msg timestamp="20230812 11:41:42.054" level="FAIL">Url: http://localhost:8080/api/v1/addAwardWinner Expected status: 200 != 400</msg>
<status status="FAIL" starttime="20230812 11:41:42.042" endtime="20230812 11:41:42.054"></status>
</kw>
<timeout value="30 seconds"></timeout>
<status status="FAIL" starttime="20230812 11:41:42.040" endtime="20230812 11:41:42.054" critical="yes">Url: http://localhost:8080/api/v1/addAwardWinner Expected status: 200 != 400</status>
</test>
<test id="s1-s1-s1-s1-s1-s1-s1-s1-t11" name="getActorPass">
<kw name="Create Dictionary" library="BuiltIn">
<doc>Creates and returns a dictionary based on the given ``items``.</doc>
<arguments>
<arg>Content-Type=application/json</arg>
</arguments>
<assign>
<var>${headers}</var>
</assign>
<msg timestamp="20230812 11:41:42.056" level="INFO">${headers} = {'Content-Type': 'application/json'}</msg>
<status status="PASS" starttime="20230812 11:41:42.055" endtime="20230812 11:41:42.056"></status>
</kw>
<kw name="Create Dictionary" library="BuiltIn">
<doc>Creates and returns a dictionary based on the given ``items``.</doc>
<arguments>
<arg>actorId=nm10</arg>
</arguments>
<assign>
<var>${params}</var>
</assign>
<msg timestamp="20230812 11:41:42.056" level="INFO">${params} = {'actorId': 'nm10'}</msg>
<status status="PASS" starttime="20230812 11:41:42.056" endtime="20230812 11:41:42.056"></status>
</kw>
<kw name="GET On Session" library="RequestsLibrary">
<doc>Sends a GET request on a previously created HTTP Session.</doc>
<arguments>
<arg>localhost</arg>
<arg>/api/v1/getActor</arg>
<arg>json=${params}</arg>
<arg>headers=${headers}</arg>
<arg>expected_status=200</arg>
</arguments>
<assign>
<var>${resp}</var>
</assign>
<msg timestamp="20230812 11:41:42.265" level="INFO">GET Request : url=http://localhost:8080/api/v1/getActor 
 path_url=/api/v1/getActor 
 headers={'User-Agent': 'python-requests/2.31.0', 'Accept-Encoding': 'gzip, deflate', 'Accept': '*/*', 'Connection': 'keep-alive', 'Content-Type': 'application/json', 'Content-Length': '19'} 
 body=b'{"actorId": "nm10"}' 
 </msg>
<msg timestamp="20230812 11:41:42.266" level="INFO">GET Response : url=http://localhost:8080/api/v1/getActor 
 status=404, reason=Not Found 
 headers={'Date': 'Sat, 12 Aug 2023 15:41:42 GMT', 'Content-length': '13'} 
 body=404 NOT FOUND 
 </msg>
<msg timestamp="20230812 11:41:42.266" level="FAIL">Url: http://localhost:8080/api/v1/getActor Expected status: 404 != 200</msg>
<status status="FAIL" starttime="20230812 11:41:42.056" endtime="20230812 11:41:42.267"></status>
</kw>
<timeout value="30 seconds"></timeout>
<status status="FAIL" starttime="20230812 11:41:42.055" endtime="20230812 11:41:42.267" critical="yes">Url: http://localhost:8080/api/v1/getActor Expected status: 404 != 200</status>
</test>
<test id="s1-s1-s1-s1-s1-s1-s1-s1-t12" name="getActorFail">
<kw name="Create Dictionary" library="BuiltIn">
<doc>Creates and returns a dictionary based on the given ``items``.</doc>
<arguments>
<arg>Content-Type=application/json</arg>
</arguments>
<assign>
<var>${headers}</var>
</assign>
<msg timestamp="20230812 11:41:42.269" level="INFO">${headers} = {'Content-Type': 'application/json'}</msg>
<status status="PASS" starttime="20230812 11:41:42.268" endtime="20230812 11:41:42.269"></status>
</kw>
<kw name="Create Dictionary" library="BuiltIn">
<doc>Creates and returns a dictionary based on the given ``items``.</doc>
<arguments>
<arg>actorId=nm456</arg>
</arguments>
<assign>
<var>${params}</var>
</assign>
<msg timestamp="20230812 11:41:42.269" level="INFO">${params} = {'actorId': 'nm456'}</msg>
<status status="PASS" starttime="20230812 11:41:42.269" endtime="20230812 11:41:42.269"></status>
</kw>
<kw name="GET On Session" library="RequestsLibrary">
<doc>Sends a GET request on a previously created HTTP Session.</doc>
<arguments>
<arg>localhost</arg>
<arg>/api/v1/getActor</arg>
<arg>json=${params}</arg>
<arg>headers=${headers}</arg>
<arg>expected_status=400</arg>
</arguments>
<assign>
<var>${resp}</var>
</assign>
<msg timestamp="20230812 11:41:42.312" level="INFO">GET Request : url=http://localhost:8080/api/v1/getActor 
 path_url=/api/v1/getActor 
 headers={'User-Agent': 'python-requests/2.31.0', 'Accept-Encoding': 'gzip, deflate', 'Accept': '*/*', 'Connection': 'keep-alive', 'Content-Type': 'application/json', 'Content-Length': '20'} 
 body=b'{"actorId": "nm456"}' 
 </msg>
<msg timestamp="20230812 11:41:42.312" level="INFO">GET Response : url=http://localhost:8080/api/v1/getActor 
 status=404, reason=Not Found 
 headers={'Date': 'Sat, 12 Aug 2023 15:41:42 GMT', 'Content-length': '13'} 
 body=404 NOT FOUND 
 </msg>
<msg timestamp="20230812 11:41:42.313" level="FAIL">Url: http://localhost:8080/api/v1/getActor Expected status: 404 != 400</msg>
<status status="FAIL" starttime="20230812 11:41:42.270" endtime="20230812 11:41:42.313"></status>
</kw>
<timeout value="30 seconds"></timeout>
<status status="FAIL" starttime="20230812 11:41:42.267" endtime="20230812 11:41:42.313" critical="yes">Url: http://localhost:8080/api/v1/getActor Expected status: 404 != 400</status>
</test>
<test id="s1-s1-s1-s1-s1-s1-s1-s1-t13" name="getMoviePass">
<kw name="Create Dictionary" library="BuiltIn">
<doc>Creates and returns a dictionary based on the given ``items``.</doc>
<arguments>
<arg>Content-Type=application/json</arg>
</arguments>
<assign>
<var>${headers}</var>
</assign>
<msg timestamp="20230812 11:41:42.315" level="INFO">${headers} = {'Content-Type': 'application/json'}</msg>
<status status="PASS" starttime="20230812 11:41:42.315" endtime="20230812 11:41:42.315"></status>
</kw>
<kw name="Create Dictionary" library="BuiltIn">
<doc>Creates and returns a dictionary based on the given ``items``.</doc>
<arguments>
<arg>movieId=nm78</arg>
</arguments>
<assign>
<var>${params}</var>
</assign>
<msg timestamp="20230812 11:41:42.315" level="INFO">${params} = {'movieId': 'nm78'}</msg>
<status status="PASS" starttime="20230812 11:41:42.315" endtime="20230812 11:41:42.315"></status>
</kw>
<kw name="GET On Session" library="RequestsLibrary">
<doc>Sends a GET request on a previously created HTTP Session.</doc>
<arguments>
<arg>localhost</arg>
<arg>/api/v1/getMovie</arg>
<arg>json=${params}</arg>
<arg>headers=${headers}</arg>
<arg>expected_status=200</arg>
</arguments>
<assign>
<var>${resp}</var>
</assign>
<msg timestamp="20230812 11:41:42.415" level="INFO">GET Request : url=http://localhost:8080/api/v1/getMovie 
 path_url=/api/v1/getMovie 
 headers={'User-Agent': 'python-requests/2.31.0', 'Accept-Encoding': 'gzip, deflate', 'Accept': '*/*', 'Connection': 'keep-alive', 'Content-Type': 'application/json', 'Content-Length': '19'} 
 body=b'{"movieId": "nm78"}' 
 </msg>
<msg timestamp="20230812 11:41:42.415" level="INFO">GET Response : url=http://localhost:8080/api/v1/getMovie 
 status=404, reason=Not Found 
 headers={'Date': 'Sat, 12 Aug 2023 15:41:42 GMT', 'Content-length': '13'} 
 body=404 NOT FOUND 
 </msg>
<msg timestamp="20230812 11:41:42.415" level="FAIL">Url: http://localhost:8080/api/v1/getMovie Expected status: 404 != 200</msg>
<status status="FAIL" starttime="20230812 11:41:42.315" endtime="20230812 11:41:42.416"></status>
</kw>
<timeout value="30 seconds"></timeout>
<status status="FAIL" starttime="20230812 11:41:42.314" endtime="20230812 11:41:42.416" critical="yes">Url: http://localhost:8080/api/v1/getMovie Expected status: 404 != 200</status>
</test>
<test id="s1-s1-s1-s1-s1-s1-s1-s1-t14" name="getMovieFail">
<kw name="Create Dictionary" library="BuiltIn">
<doc>Creates and returns a dictionary based on the given ``items``.</doc>
<arguments>
<arg>Content-Type=application/json</arg>
</arguments>
<assign>
<var>${headers}</var>
</assign>
<msg timestamp="20230812 11:41:42.418" level="INFO">${headers} = {'Content-Type': 'application/json'}</msg>
<status status="PASS" starttime="20230812 11:41:42.417" endtime="20230812 11:41:42.418"></status>
</kw>
<kw name="Create Dictionary" library="BuiltIn">
<doc>Creates and returns a dictionary based on the given ``items``.</doc>
<arguments>
<arg>movieId=mov123</arg>
</arguments>
<assign>
<var>${params}</var>
</assign>
<msg timestamp="20230812 11:41:42.418" level="INFO">${params} = {'movieId': 'mov123'}</msg>
<status status="PASS" starttime="20230812 11:41:42.418" endtime="20230812 11:41:42.419"></status>
</kw>
<kw name="GET On Session" library="RequestsLibrary">
<doc>Sends a GET request on a previously created HTTP Session.</doc>
<arguments>
<arg>localhost</arg>
<arg>/api/v1/getMovie</arg>
<arg>json=${params}</arg>
<arg>headers=${headers}</arg>
<arg>expected_status=400</arg>
</arguments>
<assign>
<var>${resp}</var>
</assign>
<msg timestamp="20230812 11:41:42.462" level="INFO">GET Request : url=http://localhost:8080/api/v1/getMovie 
 path_url=/api/v1/getMovie 
 headers={'User-Agent': 'python-requests/2.31.0', 'Accept-Encoding': 'gzip, deflate', 'Accept': '*/*', 'Connection': 'keep-alive', 'Content-Type': 'application/json', 'Content-Length': '21'} 
 body=b'{"movieId": "mov123"}' 
 </msg>
<msg timestamp="20230812 11:41:42.462" level="INFO">GET Response : url=http://localhost:8080/api/v1/getMovie 
 status=404, reason=Not Found 
 headers={'Date': 'Sat, 12 Aug 2023 15:41:42 GMT', 'Content-length': '13'} 
 body=404 NOT FOUND 
 </msg>
<msg timestamp="20230812 11:41:42.463" level="FAIL">Url: http://localhost:8080/api/v1/getMovie Expected status: 404 != 400</msg>
<status status="FAIL" starttime="20230812 11:41:42.419" endtime="20230812 11:41:42.463"></status>
</kw>
<timeout value="30 seconds"></timeout>
<status status="FAIL" starttime="20230812 11:41:42.417" endtime="20230812 11:41:42.463" critical="yes">Url: http://localhost:8080/api/v1/getMovie Expected status: 404 != 400</status>
</test>
<test id="s1-s1-s1-s1-s1-s1-s1-s1-t15" name="hasRelationshipPass">
<kw name="Create Dictionary" library="BuiltIn">
<doc>Creates and returns a dictionary based on the given ``items``.</doc>
<arguments>
<arg>Content-Type=application/json</arg>
</arguments>
<assign>
<var>${headers}</var>
</assign>
<msg timestamp="20230812 11:41:42.464" level="INFO">${headers} = {'Content-Type': 'application/json'}</msg>
<status status="PASS" starttime="20230812 11:41:42.464" endtime="20230812 11:41:42.464"></status>
</kw>
<kw name="Create Dictionary" library="BuiltIn">
<doc>Creates and returns a dictionary based on the given ``items``.</doc>
<arguments>
<arg>actorId=nm10</arg>
<arg>movieId=nm78</arg>
</arguments>
<assign>
<var>${params}</var>
</assign>
<msg timestamp="20230812 11:41:42.465" level="INFO">${params} = {'actorId': 'nm10', 'movieId': 'nm78'}</msg>
<status status="PASS" starttime="20230812 11:41:42.464" endtime="20230812 11:41:42.465"></status>
</kw>
<kw name="GET On Session" library="RequestsLibrary">
<doc>Sends a GET request on a previously created HTTP Session.</doc>
<arguments>
<arg>localhost</arg>
<arg>/api/v1/hasRelationship</arg>
<arg>json=${params}</arg>
<arg>headers=${headers}</arg>
<arg>expected_status=200</arg>
</arguments>
<assign>
<var>${resp}</var>
</assign>
<msg timestamp="20230812 11:41:42.613" level="INFO">GET Request : url=http://localhost:8080/api/v1/hasRelationship 
 path_url=/api/v1/hasRelationship 
 headers={'User-Agent': 'python-requests/2.31.0', 'Accept-Encoding': 'gzip, deflate', 'Accept': '*/*', 'Connection': 'keep-alive', 'Content-Type': 'application/json', 'Content-Length': '38'} 
 body=b'{"actorId": "nm10", "movieId": "nm78"}' 
 </msg>
<msg timestamp="20230812 11:41:42.613" level="INFO">GET Response : url=http://localhost:8080/api/v1/hasRelationship 
 status=200, reason=OK 
 headers={'Date': 'Sat, 12 Aug 2023 15:41:42 GMT', 'Content-length': '6'} 
 body=200 OK 
 </msg>
<msg timestamp="20230812 11:41:42.613" level="INFO">${resp} = &lt;Response [200]&gt;</msg>
<status status="PASS" starttime="20230812 11:41:42.465" endtime="20230812 11:41:42.613"></status>
</kw>
<timeout value="30 seconds"></timeout>
<status status="PASS" starttime="20230812 11:41:42.463" endtime="20230812 11:41:42.614" critical="yes"></status>
</test>
<test id="s1-s1-s1-s1-s1-s1-s1-s1-t16" name="hasRelationshipFail">
<kw name="Create Dictionary" library="BuiltIn">
<doc>Creates and returns a dictionary based on the given ``items``.</doc>
<arguments>
<arg>Content-Type=application/json</arg>
</arguments>
<assign>
<var>${headers}</var>
</assign>
<msg timestamp="20230812 11:41:42.615" level="INFO">${headers} = {'Content-Type': 'application/json'}</msg>
<status status="PASS" starttime="20230812 11:41:42.615" endtime="20230812 11:41:42.615"></status>
</kw>
<kw name="Create Dictionary" library="BuiltIn">
<doc>Creates and returns a dictionary based on the given ``items``.</doc>
<arguments>
<arg>actorId=nm123</arg>
<arg>movieId=nm10491843</arg>
</arguments>
<assign>
<var>${params}</var>
</assign>
<msg timestamp="20230812 11:41:42.615" level="INFO">${params} = {'actorId': 'nm123', 'movieId': 'nm10491843'}</msg>
<status status="PASS" starttime="20230812 11:41:42.615" endtime="20230812 11:41:42.616"></status>
</kw>
<kw name="GET On Session" library="RequestsLibrary">
<doc>Sends a GET request on a previously created HTTP Session.</doc>
<arguments>
<arg>localhost</arg>
<arg>/api/v1/hasRelationship</arg>
<arg>json=${params}</arg>
<arg>headers=${headers}</arg>
<arg>expected_status=400</arg>
</arguments>
<assign>
<var>${resp}</var>
</assign>
<msg timestamp="20230812 11:41:42.682" level="INFO">GET Request : url=http://localhost:8080/api/v1/hasRelationship 
 path_url=/api/v1/hasRelationship 
 headers={'User-Agent': 'python-requests/2.31.0', 'Accept-Encoding': 'gzip, deflate', 'Accept': '*/*', 'Connection': 'keep-alive', 'Content-Type': 'application/json', 'Content-Length': '45'} 
 body=b'{"actorId": "nm123", "movieId": "nm10491843"}' 
 </msg>
<msg timestamp="20230812 11:41:42.682" level="INFO">GET Response : url=http://localhost:8080/api/v1/hasRelationship 
 status=200, reason=OK 
 headers={'Date': 'Sat, 12 Aug 2023 15:41:42 GMT', 'Content-length': '6'} 
 body=200 OK 
 </msg>
<msg timestamp="20230812 11:41:42.683" level="FAIL">Url: http://localhost:8080/api/v1/hasRelationship Expected status: 200 != 400</msg>
<status status="FAIL" starttime="20230812 11:41:42.616" endtime="20230812 11:41:42.683"></status>
</kw>
<timeout value="30 seconds"></timeout>
<status status="FAIL" starttime="20230812 11:41:42.614" endtime="20230812 11:41:42.684" critical="yes">Url: http://localhost:8080/api/v1/hasRelationship Expected status: 200 != 400</status>
</test>
<test id="s1-s1-s1-s1-s1-s1-s1-s1-t17" name="computeBaconNumberPass">
<kw name="Create Dictionary" library="BuiltIn">
<doc>Creates and returns a dictionary based on the given ``items``.</doc>
<arguments>
<arg>Content-Type=application/json</arg>
</arguments>
<assign>
<var>${headers}</var>
</assign>
<msg timestamp="20230812 11:41:42.686" level="INFO">${headers} = {'Content-Type': 'application/json'}</msg>
<status status="PASS" starttime="20230812 11:41:42.685" endtime="20230812 11:41:42.686"></status>
</kw>
<kw name="Create Dictionary" library="BuiltIn">
<doc>Creates and returns a dictionary based on the given ``items``.</doc>
<arguments>
<arg>actorId=nm94820392</arg>
</arguments>
<assign>
<var>${params}</var>
</assign>
<msg timestamp="20230812 11:41:42.686" level="INFO">${params} = {'actorId': 'nm94820392'}</msg>
<status status="PASS" starttime="20230812 11:41:42.686" endtime="20230812 11:41:42.686"></status>
</kw>
<kw name="GET On Session" library="RequestsLibrary">
<doc>Sends a GET request on a previously created HTTP Session.</doc>
<arguments>
<arg>localhost</arg>
<arg>/api/v1/computeBaconNumber</arg>
<arg>json=${params}</arg>
<arg>headers=${headers}</arg>
<arg>expected_status=200</arg>
</arguments>
<assign>
<var>${resp}</var>
</assign>
<msg timestamp="20230812 11:41:42.888" level="INFO">GET Request : url=http://localhost:8080/api/v1/computeBaconNumber 
 path_url=/api/v1/computeBaconNumber 
 headers={'User-Agent': 'python-requests/2.31.0', 'Accept-Encoding': 'gzip, deflate', 'Accept': '*/*', 'Connection': 'keep-alive', 'Content-Type': 'application/json', 'Content-Length': '25'} 
 body=b'{"actorId": "nm94820392"}' 
 </msg>
<msg timestamp="20230812 11:41:42.888" level="INFO">GET Response : url=http://localhost:8080/api/v1/computeBaconNumber 
 status=200, reason=OK 
 headers={'Date': 'Sat, 12 Aug 2023 15:41:42 GMT', 'Content-length': '6'} 
 body=200 OK 
 </msg>
<msg timestamp="20230812 11:41:42.888" level="INFO">${resp} = &lt;Response [200]&gt;</msg>
<status status="PASS" starttime="20230812 11:41:42.686" endtime="20230812 11:41:42.888"></status>
</kw>
<timeout value="30 seconds"></timeout>
<status status="PASS" starttime="20230812 11:41:42.684" endtime="20230812 11:41:42.888" critical="yes"></status>
</test>
<test id="s1-s1-s1-s1-s1-s1-s1-s1-t18" name="computeBaconNumberFail">
<kw name="Create Dictionary" library="BuiltIn">
<doc>Creates and returns a dictionary based on the given ``items``.</doc>
<arguments>
<arg>Content-Type=application/json</arg>
</arguments>
<assign>
<var>${headers}</var>
</assign>
<msg timestamp="20230812 11:41:42.890" level="INFO">${headers} = {'Content-Type': 'application/json'}</msg>
<status status="PASS" starttime="20230812 11:41:42.889" endtime="20230812 11:41:42.890"></status>
</kw>
<kw name="Create Dictionary" library="BuiltIn">
<doc>Creates and returns a dictionary based on the given ``items``.</doc>
<arguments>
<arg>actorId=nm49</arg>
</arguments>
<assign>
<var>${params}</var>
</assign>
<msg timestamp="20230812 11:41:42.890" level="INFO">${params} = {'actorId': 'nm49'}</msg>
<status status="PASS" starttime="20230812 11:41:42.890" endtime="20230812 11:41:42.890"></status>
</kw>
<kw name="GET On Session" library="RequestsLibrary">
<doc>Sends a GET request on a previously created HTTP Session.</doc>
<arguments>
<arg>localhost</arg>
<arg>/api/v1/computeBaconNumber</arg>
<arg>json=${params}</arg>
<arg>headers=${headers}</arg>
<arg>expected_status=400</arg>
</arguments>
<assign>
<var>${resp}</var>
</assign>
<msg timestamp="20230812 11:41:42.936" level="INFO">GET Request : url=http://localhost:8080/api/v1/computeBaconNumber 
 path_url=/api/v1/computeBaconNumber 
 headers={'User-Agent': 'python-requests/2.31.0', 'Accept-Encoding': 'gzip, deflate', 'Accept': '*/*', 'Connection': 'keep-alive', 'Content-Type': 'application/json', 'Content-Length': '19'} 
 body=b'{"actorId": "nm49"}' 
 </msg>
<msg timestamp="20230812 11:41:42.936" level="INFO">GET Response : url=http://localhost:8080/api/v1/computeBaconNumber 
 status=404, reason=Not Found 
 headers={'Date': 'Sat, 12 Aug 2023 15:41:42 GMT', 'Content-length': '13'} 
 body=404 NOT FOUND 
 </msg>
<msg timestamp="20230812 11:41:42.937" level="FAIL">Url: http://localhost:8080/api/v1/computeBaconNumber Expected status: 404 != 400</msg>
<status status="FAIL" starttime="20230812 11:41:42.890" endtime="20230812 11:41:42.937"></status>
</kw>
<timeout value="30 seconds"></timeout>
<status status="FAIL" starttime="20230812 11:41:42.889" endtime="20230812 11:41:42.938" critical="yes">Url: http://localhost:8080/api/v1/computeBaconNumber Expected status: 404 != 400</status>
</test>
<test id="s1-s1-s1-s1-s1-s1-s1-s1-t19" name="computeBaconPathPass">
<kw name="Create Dictionary" library="BuiltIn">
<doc>Creates and returns a dictionary based on the given ``items``.</doc>
<arguments>
<arg>Content-Type=application/json</arg>
</arguments>
<assign>
<var>${headers}</var>
</assign>
<msg timestamp="20230812 11:41:42.939" level="INFO">${headers} = {'Content-Type': 'application/json'}</msg>
<status status="PASS" starttime="20230812 11:41:42.938" endtime="20230812 11:41:42.939"></status>
</kw>
<kw name="Create Dictionary" library="BuiltIn">
<doc>Creates and returns a dictionary based on the given ``items``.</doc>
<arguments>
<arg>actorId=nm94820392</arg>
</arguments>
<assign>
<var>${params}</var>
</assign>
<msg timestamp="20230812 11:41:42.939" level="INFO">${params} = {'actorId': 'nm94820392'}</msg>
<status status="PASS" starttime="20230812 11:41:42.939" endtime="20230812 11:41:42.939"></status>
</kw>
<kw name="GET On Session" library="RequestsLibrary">
<doc>Sends a GET request on a previously created HTTP Session.</doc>
<arguments>
<arg>localhost</arg>
<arg>/api/v1/computeBaconPath</arg>
<arg>json=${params}</arg>
<arg>headers=${headers}</arg>
<arg>expected_status=200</arg>
</arguments>
<assign>
<var>${resp}</var>
</assign>
<msg timestamp="20230812 11:41:43.029" level="INFO">GET Request : url=http://localhost:8080/api/v1/computeBaconPath 
 path_url=/api/v1/computeBaconPath 
 headers={'User-Agent': 'python-requests/2.31.0', 'Accept-Encoding': 'gzip, deflate', 'Accept': '*/*', 'Connection': 'keep-alive', 'Content-Type': 'application/json', 'Content-Length': '25'} 
 body=b'{"actorId": "nm94820392"}' 
 </msg>
<msg timestamp="20230812 11:41:43.029" level="INFO">GET Response : url=http://localhost:8080/api/v1/computeBaconPath 
 status=200, reason=OK 
 headers={'Date': 'Sat, 12 Aug 2023 15:41:43 GMT', 'Content-length': '6'} 
 body=200 OK 
 </msg>
<msg timestamp="20230812 11:41:43.029" level="INFO">${resp} = &lt;Response [200]&gt;</msg>
<status status="PASS" starttime="20230812 11:41:42.939" endtime="20230812 11:41:43.029"></status>
</kw>
<timeout value="30 seconds"></timeout>
<status status="PASS" starttime="20230812 11:41:42.938" endtime="20230812 11:41:43.029" critical="yes"></status>
</test>
<test id="s1-s1-s1-s1-s1-s1-s1-s1-t20" name="computeBaconPathFail">
<kw name="Create Dictionary" library="BuiltIn">
<doc>Creates and returns a dictionary based on the given ``items``.</doc>
<arguments>
<arg>Content-Type=application/json</arg>
</arguments>
<assign>
<var>${headers}</var>
</assign>
<msg timestamp="20230812 11:41:43.031" level="INFO">${headers} = {'Content-Type': 'application/json'}</msg>
<status status="PASS" starttime="20230812 11:41:43.030" endtime="20230812 11:41:43.031"></status>
</kw>
<kw name="Create Dictionary" library="BuiltIn">
<doc>Creates and returns a dictionary based on the given ``items``.</doc>
<arguments>
<arg>actorId=nm49</arg>
</arguments>
<assign>
<var>${params}</var>
</assign>
<msg timestamp="20230812 11:41:43.031" level="INFO">${params} = {'actorId': 'nm49'}</msg>
<status status="PASS" starttime="20230812 11:41:43.031" endtime="20230812 11:41:43.031"></status>
</kw>
<kw name="GET On Session" library="RequestsLibrary">
<doc>Sends a GET request on a previously created HTTP Session.</doc>
<arguments>
<arg>localhost</arg>
<arg>/api/v1/computeBaconPath</arg>
<arg>json=${params}</arg>
<arg>headers=${headers}</arg>
<arg>expected_status=400</arg>
</arguments>
<assign>
<var>${resp}</var>
</assign>
<msg timestamp="20230812 11:41:43.073" level="INFO">GET Request : url=http://localhost:8080/api/v1/computeBaconPath 
 path_url=/api/v1/computeBaconPath 
 headers={'User-Agent': 'python-requests/2.31.0', 'Accept-Encoding': 'gzip, deflate', 'Accept': '*/*', 'Connection': 'keep-alive', 'Content-Type': 'application/json', 'Content-Length': '19'} 
 body=b'{"actorId": "nm49"}' 
 </msg>
<msg timestamp="20230812 11:41:43.073" level="INFO">GET Response : url=http://localhost:8080/api/v1/computeBaconPath 
 status=200, reason=OK 
 headers={'Date': 'Sat, 12 Aug 2023 15:41:43 GMT', 'Content-length': '6'} 
 body=200 OK 
 </msg>
<msg timestamp="20230812 11:41:43.074" level="FAIL">Url: http://localhost:8080/api/v1/computeBaconPath Expected status: 200 != 400</msg>
<status status="FAIL" starttime="20230812 11:41:43.031" endtime="20230812 11:41:43.074"></status>
</kw>
<timeout value="30 seconds"></timeout>
<status status="FAIL" starttime="20230812 11:41:43.030" endtime="20230812 11:41:43.075" critical="yes">Url: http://localhost:8080/api/v1/computeBaconPath Expected status: 200 != 400</status>
</test>
<status status="FAIL" starttime="20230812 11:41:41.660" endtime="20230812 11:41:43.075"></status>
</suite>
<status status="FAIL" starttime="20230812 11:41:41.657" endtime="20230812 11:41:43.078"></status>
</suite>
<status status="FAIL" starttime="20230812 11:41:41.655" endtime="20230812 11:41:43.081"></status>
</suite>
<status status="FAIL" starttime="20230812 11:41:41.653" endtime="20230812 11:41:43.084"></status>
</suite>
<status status="FAIL" starttime="20230812 11:41:41.650" endtime="20230812 11:41:43.086"></status>
</suite>
<status status="FAIL" starttime="20230812 11:41:41.648" endtime="20230812 11:41:43.089"></status>
</suite>
<status status="FAIL" starttime="20230812 11:41:41.645" endtime="20230812 11:41:43.091"></status>
</suite>
<status status="FAIL" starttime="20230812 11:41:41.627" endtime="20230812 11:41:43.093"></status>
</suite>
<statistics>
<total>
<stat pass="8" fail="12">Critical Tests</stat>
<stat pass="8" fail="12">All Tests</stat>
</total>
<tag>
</tag>
<suite>
<stat pass="8" fail="12" id="s1" name="Project">Project</stat>
<stat pass="8" fail="12" id="s1-s1" name="Src">Project.Src</stat>
<stat pass="8" fail="12" id="s1-s1-s1" name="Main">Project.Src.Main</stat>
<stat pass="8" fail="12" id="s1-s1-s1-s1" name="Java">Project.Src.Main.Java</stat>
<stat pass="8" fail="12" id="s1-s1-s1-s1-s1" name="Ca">Project.Src.Main.Java.Ca</stat>
<stat pass="8" fail="12" id="s1-s1-s1-s1-s1-s1" name="Yorku">Project.Src.Main.Java.Ca.Yorku</stat>
<stat pass="8" fail="12" id="s1-s1-s1-s1-s1-s1-s1" name="Eecs">Project.Src.Main.Java.Ca.Yorku.Eecs</stat>
<stat pass="8" fail="12" id="s1-s1-s1-s1-s1-s1-s1-s1" name="testRobot">Project.Src.Main.Java.Ca.Yorku.Eecs.testRobot</stat>
</suite>
</statistics>
<errors>
</errors>
</robot>
