<?xml version="1.0" encoding="UTF-8"?>
<robot generator="Robot 3.2.2 (Python 3.10.4 on win32)" generated="20230809 13:10:31.100" rpa="false">
<suite id="s1" name="Project" source="C:\Users\shaha\OneDrive\Documents\GitHub\EECS-3311-Final-Project\project">
<suite id="s1-s1" name="Src" source="C:\Users\shaha\OneDrive\Documents\GitHub\EECS-3311-Final-Project\project\src">
<suite id="s1-s1-s1" name="Main" source="C:\Users\shaha\OneDrive\Documents\GitHub\EECS-3311-Final-Project\project\src\main">
<suite id="s1-s1-s1-s1" name="Java" source="C:\Users\shaha\OneDrive\Documents\GitHub\EECS-3311-Final-Project\project\src\main\java">
<suite id="s1-s1-s1-s1-s1" name="Ca" source="C:\Users\shaha\OneDrive\Documents\GitHub\EECS-3311-Final-Project\project\src\main\java\ca">
<suite id="s1-s1-s1-s1-s1-s1" name="Yorku" source="C:\Users\shaha\OneDrive\Documents\GitHub\EECS-3311-Final-Project\project\src\main\java\ca\yorku">
<suite id="s1-s1-s1-s1-s1-s1-s1" name="Eecs" source="C:\Users\shaha\OneDrive\Documents\GitHub\EECS-3311-Final-Project\project\src\main\java\ca\yorku\eecs">
<suite id="s1-s1-s1-s1-s1-s1-s1-s1" name="testRobot" source="C:\Users\shaha\OneDrive\Documents\GitHub\EECS-3311-Final-Project\project\src\main\java\ca\yorku\eecs\testRobot.robot">
<kw name="Create Session" library="RequestsLibrary" type="setup">
<doc>Create Session: create a HTTP session to a server</doc>
<arguments>
<arg>localhost</arg>
<arg>http://localhost:7474</arg>
</arguments>
<msg timestamp="20230809 13:10:31.348" level="INFO">Creating Session using : alias=localhost, url=http://localhost:7474, headers={},                     cookies={}, auth=None, timeout=None, proxies=None, verify=False,                     debug=0 </msg>
<status status="PASS" starttime="20230809 13:10:31.348" endtime="20230809 13:10:31.348"></status>
</kw>
<test id="s1-s1-s1-s1-s1-s1-s1-s1-t1" name="addActorPass">
<kw name="Create Dictionary" library="BuiltIn">
<doc>Creates and returns a dictionary based on the given ``items``.</doc>
<arguments>
<arg>Content-Type=application/json</arg>
</arguments>
<assign>
<var>${headers}</var>
</assign>
<msg timestamp="20230809 13:10:31.350" level="INFO">${headers} = {'Content-Type': 'application/json'}</msg>
<status status="PASS" starttime="20230809 13:10:31.349" endtime="20230809 13:10:31.350"></status>
</kw>
<kw name="Create Dictionary" library="BuiltIn">
<doc>Creates and returns a dictionary based on the given ``items``.</doc>
<arguments>
<arg>name=George Orwell</arg>
<arg>actorId=nm1</arg>
</arguments>
<assign>
<var>${params}</var>
</assign>
<msg timestamp="20230809 13:10:31.351" level="INFO">${params} = {'name': 'George Orwell', 'actorId': 'nm1'}</msg>
<status status="PASS" starttime="20230809 13:10:31.350" endtime="20230809 13:10:31.351"></status>
</kw>
<kw name="PUT On Session" library="RequestsLibrary">
<doc>Sends a PUT request on a previously created HTTP Session.</doc>
<arguments>
<arg>localhost</arg>
<arg>/api/v1/addActor</arg>
<arg>json=${params}</arg>
<arg>headers=${headers}</arg>
<arg>expected_status=200</arg>
</arguments>
<assign>
<var>${resp}</var>
</assign>
<msg timestamp="20230809 13:10:33.360" level="INFO">PUT Request : url=http://localhost:7474/api/v1/addActor 
 path_url=/api/v1/addActor 
 headers={'User-Agent': 'python-requests/2.31.0', 'Accept-Encoding': 'gzip, deflate', 'Accept': '*/*', 'Connection': 'keep-alive', 'Content-Type': 'application/json', 'Content-Length': '43'} 
 body=b'{"name": "George Orwell", "actorId": "nm1"}' 
 </msg>
<msg timestamp="20230809 13:10:33.360" level="INFO">PUT Response : url=http://localhost:7474/api/v1/addActor 
 status=401, reason=Unauthorized 
 headers={'Date': 'Wed, 09 Aug 2023 17:10:33 GMT', 'Access-Control-Allow-Origin': '*', 'Content-Type': 'application/json;charset=utf-8', 'WWW-Authenticate': 'Basic realm="Neo4j"', 'Content-Length': '138'} 
 body={
  "errors" : [ {
    "code" : "Neo.ClientError.Security.Unauthorized",
    "message" : "No authentication header supplied."
  } ]
} 
 </msg>
<msg timestamp="20230809 13:10:33.363" level="FAIL">Url: http://localhost:7474/api/v1/addActor Expected status: 401 != 200</msg>
<status status="FAIL" starttime="20230809 13:10:31.351" endtime="20230809 13:10:33.363"></status>
</kw>
<timeout value="30 seconds"></timeout>
<status status="FAIL" starttime="20230809 13:10:31.349" endtime="20230809 13:10:33.365" critical="yes">Url: http://localhost:7474/api/v1/addActor Expected status: 401 != 200</status>
</test>
<test id="s1-s1-s1-s1-s1-s1-s1-s1-t2" name="addActorFail">
<kw name="Create Dictionary" library="BuiltIn">
<doc>Creates and returns a dictionary based on the given ``items``.</doc>
<arguments>
<arg>Content-Type=application/json</arg>
</arguments>
<assign>
<var>${headers}</var>
</assign>
<msg timestamp="20230809 13:10:33.371" level="INFO">${headers} = {'Content-Type': 'application/json'}</msg>
<status status="PASS" starttime="20230809 13:10:33.370" endtime="20230809 13:10:33.372"></status>
</kw>
<kw name="Create Dictionary" library="BuiltIn">
<doc>Creates and returns a dictionary based on the given ``items``.</doc>
<arguments>
<arg>name=Devin actorId=nm1</arg>
</arguments>
<assign>
<var>${params}</var>
</assign>
<msg timestamp="20230809 13:10:33.372" level="INFO">${params} = {'name': 'Devin actorId=nm1'}</msg>
<status status="PASS" starttime="20230809 13:10:33.372" endtime="20230809 13:10:33.372"></status>
</kw>
<kw name="PUT On Session" library="RequestsLibrary">
<doc>Sends a PUT request on a previously created HTTP Session.</doc>
<arguments>
<arg>localhost</arg>
<arg>/api/v1/addActor</arg>
<arg>json=${params}</arg>
<arg>headers=${headers}</arg>
<arg>expected_status=400</arg>
</arguments>
<assign>
<var>${resp}</var>
</assign>
<msg timestamp="20230809 13:10:33.379" level="INFO">PUT Request : url=http://localhost:7474/api/v1/addActor 
 path_url=/api/v1/addActor 
 headers={'User-Agent': 'python-requests/2.31.0', 'Accept-Encoding': 'gzip, deflate', 'Accept': '*/*', 'Connection': 'keep-alive', 'Content-Type': 'application/json', 'Content-Length': '29'} 
 body=b'{"name": "Devin actorId=nm1"}' 
 </msg>
<msg timestamp="20230809 13:10:33.379" level="INFO">PUT Response : url=http://localhost:7474/api/v1/addActor 
 status=401, reason=Unauthorized 
 headers={'Date': 'Wed, 09 Aug 2023 17:10:33 GMT', 'Access-Control-Allow-Origin': '*', 'Content-Type': 'application/json;charset=utf-8', 'WWW-Authenticate': 'Basic realm="Neo4j"', 'Content-Length': '138'} 
 body={
  "errors" : [ {
    "code" : "Neo.ClientError.Security.Unauthorized",
    "message" : "No authentication header supplied."
  } ]
} 
 </msg>
<msg timestamp="20230809 13:10:33.380" level="FAIL">Url: http://localhost:7474/api/v1/addActor Expected status: 401 != 400</msg>
<status status="FAIL" starttime="20230809 13:10:33.373" endtime="20230809 13:10:33.380"></status>
</kw>
<timeout value="30 seconds"></timeout>
<status status="FAIL" starttime="20230809 13:10:33.367" endtime="20230809 13:10:33.381" critical="yes">Url: http://localhost:7474/api/v1/addActor Expected status: 401 != 400</status>
</test>
<test id="s1-s1-s1-s1-s1-s1-s1-s1-t3" name="addMoviePass">
<kw name="Create Dictionary" library="BuiltIn">
<doc>Creates and returns a dictionary based on the given ``items``.</doc>
<arguments>
<arg>Content-Type=application/json</arg>
</arguments>
<assign>
<var>${headers}</var>
</assign>
<msg timestamp="20230809 13:10:33.382" level="INFO">${headers} = {'Content-Type': 'application/json'}</msg>
<status status="PASS" starttime="20230809 13:10:33.381" endtime="20230809 13:10:33.382"></status>
</kw>
<kw name="Create Dictionary" library="BuiltIn">
<doc>Creates and returns a dictionary based on the given ``items``.</doc>
<arguments>
<arg>name=Parasite</arg>
<arg>movieId=tt1</arg>
</arguments>
<assign>
<var>${params}</var>
</assign>
<msg timestamp="20230809 13:10:33.382" level="INFO">${params} = {'name': 'Parasite', 'movieId': 'tt1'}</msg>
<status status="PASS" starttime="20230809 13:10:33.382" endtime="20230809 13:10:33.382"></status>
</kw>
<kw name="PUT On Session" library="RequestsLibrary">
<doc>Sends a PUT request on a previously created HTTP Session.</doc>
<arguments>
<arg>localhost</arg>
<arg>/api/v1/addMovie</arg>
<arg>json=${params}</arg>
<arg>headers=${headers}</arg>
<arg>expected_status=200</arg>
</arguments>
<assign>
<var>${resp}</var>
</assign>
<msg timestamp="20230809 13:10:33.385" level="INFO">PUT Request : url=http://localhost:7474/api/v1/addMovie 
 path_url=/api/v1/addMovie 
 headers={'User-Agent': 'python-requests/2.31.0', 'Accept-Encoding': 'gzip, deflate', 'Accept': '*/*', 'Connection': 'keep-alive', 'Content-Type': 'application/json', 'Content-Length': '38'} 
 body=b'{"name": "Parasite", "movieId": "tt1"}' 
 </msg>
<msg timestamp="20230809 13:10:33.386" level="INFO">PUT Response : url=http://localhost:7474/api/v1/addMovie 
 status=401, reason=Unauthorized 
 headers={'Date': 'Wed, 09 Aug 2023 17:10:33 GMT', 'Access-Control-Allow-Origin': '*', 'Content-Type': 'application/json;charset=utf-8', 'WWW-Authenticate': 'Basic realm="Neo4j"', 'Content-Length': '138'} 
 body={
  "errors" : [ {
    "code" : "Neo.ClientError.Security.Unauthorized",
    "message" : "No authentication header supplied."
  } ]
} 
 </msg>
<msg timestamp="20230809 13:10:33.386" level="FAIL">Url: http://localhost:7474/api/v1/addMovie Expected status: 401 != 200</msg>
<status status="FAIL" starttime="20230809 13:10:33.382" endtime="20230809 13:10:33.386"></status>
</kw>
<timeout value="30 seconds"></timeout>
<status status="FAIL" starttime="20230809 13:10:33.381" endtime="20230809 13:10:33.386" critical="yes">Url: http://localhost:7474/api/v1/addMovie Expected status: 401 != 200</status>
</test>
<test id="s1-s1-s1-s1-s1-s1-s1-s1-t4" name="addMovieFail">
<kw name="Create Dictionary" library="BuiltIn">
<doc>Creates and returns a dictionary based on the given ``items``.</doc>
<arguments>
<arg>Content-Type=application/json</arg>
</arguments>
<assign>
<var>${headers}</var>
</assign>
<msg timestamp="20230809 13:10:33.389" level="INFO">${headers} = {'Content-Type': 'application/json'}</msg>
<status status="PASS" starttime="20230809 13:10:33.388" endtime="20230809 13:10:33.389"></status>
</kw>
<kw name="Create Dictionary" library="BuiltIn">
<doc>Creates and returns a dictionary based on the given ``items``.</doc>
<arguments>
<arg>name=Animal Farm</arg>
<arg>movieId=tt1</arg>
</arguments>
<assign>
<var>${params}</var>
</assign>
<msg timestamp="20230809 13:10:33.389" level="INFO">${params} = {'name': 'Animal Farm', 'movieId': 'tt1'}</msg>
<status status="PASS" starttime="20230809 13:10:33.389" endtime="20230809 13:10:33.389"></status>
</kw>
<kw name="PUT On Session" library="RequestsLibrary">
<doc>Sends a PUT request on a previously created HTTP Session.</doc>
<arguments>
<arg>localhost</arg>
<arg>/api/v1/addMovie</arg>
<arg>json=${params}</arg>
<arg>headers=${headers}</arg>
<arg>expected_status=400</arg>
</arguments>
<assign>
<var>${resp}</var>
</assign>
<msg timestamp="20230809 13:10:33.393" level="INFO">PUT Request : url=http://localhost:7474/api/v1/addMovie 
 path_url=/api/v1/addMovie 
 headers={'User-Agent': 'python-requests/2.31.0', 'Accept-Encoding': 'gzip, deflate', 'Accept': '*/*', 'Connection': 'keep-alive', 'Content-Type': 'application/json', 'Content-Length': '41'} 
 body=b'{"name": "Animal Farm", "movieId": "tt1"}' 
 </msg>
<msg timestamp="20230809 13:10:33.393" level="INFO">PUT Response : url=http://localhost:7474/api/v1/addMovie 
 status=401, reason=Unauthorized 
 headers={'Date': 'Wed, 09 Aug 2023 17:10:33 GMT', 'Access-Control-Allow-Origin': '*', 'Content-Type': 'application/json;charset=utf-8', 'WWW-Authenticate': 'Basic realm="Neo4j"', 'Content-Length': '138'} 
 body={
  "errors" : [ {
    "code" : "Neo.ClientError.Security.Unauthorized",
    "message" : "No authentication header supplied."
  } ]
} 
 </msg>
<msg timestamp="20230809 13:10:33.394" level="FAIL">Url: http://localhost:7474/api/v1/addMovie Expected status: 401 != 400</msg>
<status status="FAIL" starttime="20230809 13:10:33.390" endtime="20230809 13:10:33.394"></status>
</kw>
<timeout value="30 seconds"></timeout>
<status status="FAIL" starttime="20230809 13:10:33.388" endtime="20230809 13:10:33.394" critical="yes">Url: http://localhost:7474/api/v1/addMovie Expected status: 401 != 400</status>
</test>
<test id="s1-s1-s1-s1-s1-s1-s1-s1-t5" name="addRelationshipPass">
<kw name="Create Dictionary" library="BuiltIn">
<doc>Creates and returns a dictionary based on the given ``items``.</doc>
<arguments>
<arg>Content-Type=application/json</arg>
</arguments>
<assign>
<var>${headers}</var>
</assign>
<msg timestamp="20230809 13:10:33.395" level="INFO">${headers} = {'Content-Type': 'application/json'}</msg>
<status status="PASS" starttime="20230809 13:10:33.395" endtime="20230809 13:10:33.395"></status>
</kw>
<kw name="Create Dictionary" library="BuiltIn">
<doc>Creates and returns a dictionary based on the given ``items``.</doc>
<arguments>
<arg>actorId=nm123</arg>
<arg>movieId=tt1</arg>
</arguments>
<assign>
<var>${params}</var>
</assign>
<msg timestamp="20230809 13:10:33.396" level="INFO">${params} = {'actorId': 'nm123', 'movieId': 'tt1'}</msg>
<status status="PASS" starttime="20230809 13:10:33.396" endtime="20230809 13:10:33.396"></status>
</kw>
<kw name="PUT On Session" library="RequestsLibrary">
<doc>Sends a PUT request on a previously created HTTP Session.</doc>
<arguments>
<arg>localhost</arg>
<arg>/api/v1/addRelationship</arg>
<arg>json=${params}</arg>
<arg>headers=${headers}</arg>
<arg>expected_status=200</arg>
</arguments>
<assign>
<var>${resp}</var>
</assign>
<msg timestamp="20230809 13:10:33.399" level="INFO">PUT Request : url=http://localhost:7474/api/v1/addRelationship 
 path_url=/api/v1/addRelationship 
 headers={'User-Agent': 'python-requests/2.31.0', 'Accept-Encoding': 'gzip, deflate', 'Accept': '*/*', 'Connection': 'keep-alive', 'Content-Type': 'application/json', 'Content-Length': '38'} 
 body=b'{"actorId": "nm123", "movieId": "tt1"}' 
 </msg>
<msg timestamp="20230809 13:10:33.399" level="INFO">PUT Response : url=http://localhost:7474/api/v1/addRelationship 
 status=401, reason=Unauthorized 
 headers={'Date': 'Wed, 09 Aug 2023 17:10:33 GMT', 'Access-Control-Allow-Origin': '*', 'Content-Type': 'application/json;charset=utf-8', 'WWW-Authenticate': 'Basic realm="Neo4j"', 'Content-Length': '138'} 
 body={
  "errors" : [ {
    "code" : "Neo.ClientError.Security.Unauthorized",
    "message" : "No authentication header supplied."
  } ]
} 
 </msg>
<msg timestamp="20230809 13:10:33.400" level="FAIL">Url: http://localhost:7474/api/v1/addRelationship Expected status: 401 != 200</msg>
<status status="FAIL" starttime="20230809 13:10:33.396" endtime="20230809 13:10:33.400"></status>
</kw>
<timeout value="30 seconds"></timeout>
<status status="FAIL" starttime="20230809 13:10:33.394" endtime="20230809 13:10:33.400" critical="yes">Url: http://localhost:7474/api/v1/addRelationship Expected status: 401 != 200</status>
</test>
<test id="s1-s1-s1-s1-s1-s1-s1-s1-t6" name="addRelationshipFail">
<kw name="Create Dictionary" library="BuiltIn">
<doc>Creates and returns a dictionary based on the given ``items``.</doc>
<arguments>
<arg>Content-Type=application/json</arg>
</arguments>
<assign>
<var>${headers}</var>
</assign>
<msg timestamp="20230809 13:10:33.402" level="INFO">${headers} = {'Content-Type': 'application/json'}</msg>
<status status="PASS" starttime="20230809 13:10:33.401" endtime="20230809 13:10:33.402"></status>
</kw>
<kw name="Create Dictionary" library="BuiltIn">
<doc>Creates and returns a dictionary based on the given ``items``.</doc>
<arguments>
<arg>actorId=nm123</arg>
<arg>movieId=tt1</arg>
</arguments>
<assign>
<var>${params}</var>
</assign>
<msg timestamp="20230809 13:10:33.403" level="INFO">${params} = {'actorId': 'nm123', 'movieId': 'tt1'}</msg>
<status status="PASS" starttime="20230809 13:10:33.402" endtime="20230809 13:10:33.403"></status>
</kw>
<kw name="PUT On Session" library="RequestsLibrary">
<doc>Sends a PUT request on a previously created HTTP Session.</doc>
<arguments>
<arg>localhost</arg>
<arg>/api/v1/addRelationship</arg>
<arg>json=${params}</arg>
<arg>headers=${headers}</arg>
<arg>expected_status=400</arg>
</arguments>
<assign>
<var>${resp}</var>
</assign>
<msg timestamp="20230809 13:10:33.413" level="INFO">PUT Request : url=http://localhost:7474/api/v1/addRelationship 
 path_url=/api/v1/addRelationship 
 headers={'User-Agent': 'python-requests/2.31.0', 'Accept-Encoding': 'gzip, deflate', 'Accept': '*/*', 'Connection': 'keep-alive', 'Content-Type': 'application/json', 'Content-Length': '38'} 
 body=b'{"actorId": "nm123", "movieId": "tt1"}' 
 </msg>
<msg timestamp="20230809 13:10:33.413" level="INFO">PUT Response : url=http://localhost:7474/api/v1/addRelationship 
 status=401, reason=Unauthorized 
 headers={'Date': 'Wed, 09 Aug 2023 17:10:33 GMT', 'Access-Control-Allow-Origin': '*', 'Content-Type': 'application/json;charset=utf-8', 'WWW-Authenticate': 'Basic realm="Neo4j"', 'Content-Length': '138'} 
 body={
  "errors" : [ {
    "code" : "Neo.ClientError.Security.Unauthorized",
    "message" : "No authentication header supplied."
  } ]
} 
 </msg>
<msg timestamp="20230809 13:10:33.416" level="FAIL">Url: http://localhost:7474/api/v1/addRelationship Expected status: 401 != 400</msg>
<status status="FAIL" starttime="20230809 13:10:33.405" endtime="20230809 13:10:33.416"></status>
</kw>
<timeout value="30 seconds"></timeout>
<status status="FAIL" starttime="20230809 13:10:33.400" endtime="20230809 13:10:33.417" critical="yes">Url: http://localhost:7474/api/v1/addRelationship Expected status: 401 != 400</status>
</test>
<test id="s1-s1-s1-s1-s1-s1-s1-s1-t7" name="getActorPass">
<kw name="Create Dictionary" library="BuiltIn">
<doc>Creates and returns a dictionary based on the given ``items``.</doc>
<arguments>
<arg>Content-Type=application/json</arg>
</arguments>
<assign>
<var>${headers}</var>
</assign>
<msg timestamp="20230809 13:10:33.419" level="INFO">${headers} = {'Content-Type': 'application/json'}</msg>
<status status="PASS" starttime="20230809 13:10:33.417" endtime="20230809 13:10:33.419"></status>
</kw>
<kw name="Create Dictionary" library="BuiltIn">
<doc>Creates and returns a dictionary based on the given ``items``.</doc>
<arguments>
<arg>actorId=nm456</arg>
</arguments>
<assign>
<var>${params}</var>
</assign>
<msg timestamp="20230809 13:10:33.420" level="INFO">${params} = {'actorId': 'nm456'}</msg>
<status status="PASS" starttime="20230809 13:10:33.419" endtime="20230809 13:10:33.420"></status>
</kw>
<kw name="PUT On Session" library="RequestsLibrary">
<doc>Sends a PUT request on a previously created HTTP Session.</doc>
<arguments>
<arg>localhost</arg>
<arg>/api/v1/getActor</arg>
<arg>json=${params}</arg>
<arg>headers=${headers}</arg>
<arg>expected_status=200</arg>
</arguments>
<assign>
<var>${resp}</var>
</assign>
<msg timestamp="20230809 13:10:33.423" level="INFO">PUT Request : url=http://localhost:7474/api/v1/getActor 
 path_url=/api/v1/getActor 
 headers={'User-Agent': 'python-requests/2.31.0', 'Accept-Encoding': 'gzip, deflate', 'Accept': '*/*', 'Connection': 'keep-alive', 'Content-Type': 'application/json', 'Content-Length': '20'} 
 body=b'{"actorId": "nm456"}' 
 </msg>
<msg timestamp="20230809 13:10:33.424" level="INFO">PUT Response : url=http://localhost:7474/api/v1/getActor 
 status=401, reason=Unauthorized 
 headers={'Date': 'Wed, 09 Aug 2023 17:10:33 GMT', 'Access-Control-Allow-Origin': '*', 'Content-Type': 'application/json;charset=utf-8', 'WWW-Authenticate': 'Basic realm="Neo4j"', 'Content-Length': '138'} 
 body={
  "errors" : [ {
    "code" : "Neo.ClientError.Security.Unauthorized",
    "message" : "No authentication header supplied."
  } ]
} 
 </msg>
<msg timestamp="20230809 13:10:33.425" level="FAIL">Url: http://localhost:7474/api/v1/getActor Expected status: 401 != 200</msg>
<status status="FAIL" starttime="20230809 13:10:33.420" endtime="20230809 13:10:33.425"></status>
</kw>
<timeout value="30 seconds"></timeout>
<status status="FAIL" starttime="20230809 13:10:33.417" endtime="20230809 13:10:33.425" critical="yes">Url: http://localhost:7474/api/v1/getActor Expected status: 401 != 200</status>
</test>
<test id="s1-s1-s1-s1-s1-s1-s1-s1-t8" name="getActorFail">
<kw name="Create Dictionary" library="BuiltIn">
<doc>Creates and returns a dictionary based on the given ``items``.</doc>
<arguments>
<arg>Content-Type=application/json</arg>
</arguments>
<assign>
<var>${headers}</var>
</assign>
<msg timestamp="20230809 13:10:33.426" level="INFO">${headers} = {'Content-Type': 'application/json'}</msg>
<status status="PASS" starttime="20230809 13:10:33.426" endtime="20230809 13:10:33.426"></status>
</kw>
<kw name="Create Dictionary" library="BuiltIn">
<doc>Creates and returns a dictionary based on the given ``items``.</doc>
<arguments>
<arg>actorId=nm456</arg>
</arguments>
<assign>
<var>${params}</var>
</assign>
<msg timestamp="20230809 13:10:33.426" level="INFO">${params} = {'actorId': 'nm456'}</msg>
<status status="PASS" starttime="20230809 13:10:33.426" endtime="20230809 13:10:33.427"></status>
</kw>
<kw name="PUT On Session" library="RequestsLibrary">
<doc>Sends a PUT request on a previously created HTTP Session.</doc>
<arguments>
<arg>localhost</arg>
<arg>/api/v1/getActor</arg>
<arg>json=${params}</arg>
<arg>headers=${headers}</arg>
<arg>expected_status=400</arg>
</arguments>
<assign>
<var>${resp}</var>
</assign>
<msg timestamp="20230809 13:10:33.429" level="INFO">PUT Request : url=http://localhost:7474/api/v1/getActor 
 path_url=/api/v1/getActor 
 headers={'User-Agent': 'python-requests/2.31.0', 'Accept-Encoding': 'gzip, deflate', 'Accept': '*/*', 'Connection': 'keep-alive', 'Content-Type': 'application/json', 'Content-Length': '20'} 
 body=b'{"actorId": "nm456"}' 
 </msg>
<msg timestamp="20230809 13:10:33.429" level="INFO">PUT Response : url=http://localhost:7474/api/v1/getActor 
 status=401, reason=Unauthorized 
 headers={'Date': 'Wed, 09 Aug 2023 17:10:33 GMT', 'Access-Control-Allow-Origin': '*', 'Content-Type': 'application/json;charset=utf-8', 'WWW-Authenticate': 'Basic realm="Neo4j"', 'Content-Length': '138'} 
 body={
  "errors" : [ {
    "code" : "Neo.ClientError.Security.Unauthorized",
    "message" : "No authentication header supplied."
  } ]
} 
 </msg>
<msg timestamp="20230809 13:10:33.431" level="FAIL">Url: http://localhost:7474/api/v1/getActor Expected status: 401 != 400</msg>
<status status="FAIL" starttime="20230809 13:10:33.427" endtime="20230809 13:10:33.431"></status>
</kw>
<timeout value="30 seconds"></timeout>
<status status="FAIL" starttime="20230809 13:10:33.425" endtime="20230809 13:10:33.431" critical="yes">Url: http://localhost:7474/api/v1/getActor Expected status: 401 != 400</status>
</test>
<test id="s1-s1-s1-s1-s1-s1-s1-s1-t9" name="getMoviePass">
<kw name="Create Dictionary" library="BuiltIn">
<doc>Creates and returns a dictionary based on the given ``items``.</doc>
<arguments>
<arg>Content-Type=application/json</arg>
</arguments>
<assign>
<var>${headers}</var>
</assign>
<msg timestamp="20230809 13:10:33.434" level="INFO">${headers} = {'Content-Type': 'application/json'}</msg>
<status status="PASS" starttime="20230809 13:10:33.433" endtime="20230809 13:10:33.434"></status>
</kw>
<kw name="Create Dictionary" library="BuiltIn">
<doc>Creates and returns a dictionary based on the given ``items``.</doc>
<arguments>
<arg>movieId=mov123</arg>
</arguments>
<assign>
<var>${params}</var>
</assign>
<msg timestamp="20230809 13:10:33.434" level="INFO">${params} = {'movieId': 'mov123'}</msg>
<status status="PASS" starttime="20230809 13:10:33.434" endtime="20230809 13:10:33.434"></status>
</kw>
<kw name="PUT On Session" library="RequestsLibrary">
<doc>Sends a PUT request on a previously created HTTP Session.</doc>
<arguments>
<arg>localhost</arg>
<arg>/api/v1/getMovie</arg>
<arg>json=${params}</arg>
<arg>headers=${headers}</arg>
<arg>expected_status=200</arg>
</arguments>
<assign>
<var>${resp}</var>
</assign>
<msg timestamp="20230809 13:10:33.437" level="INFO">PUT Request : url=http://localhost:7474/api/v1/getMovie 
 path_url=/api/v1/getMovie 
 headers={'User-Agent': 'python-requests/2.31.0', 'Accept-Encoding': 'gzip, deflate', 'Accept': '*/*', 'Connection': 'keep-alive', 'Content-Type': 'application/json', 'Content-Length': '21'} 
 body=b'{"movieId": "mov123"}' 
 </msg>
<msg timestamp="20230809 13:10:33.437" level="INFO">PUT Response : url=http://localhost:7474/api/v1/getMovie 
 status=401, reason=Unauthorized 
 headers={'Date': 'Wed, 09 Aug 2023 17:10:33 GMT', 'Access-Control-Allow-Origin': '*', 'Content-Type': 'application/json;charset=utf-8', 'WWW-Authenticate': 'Basic realm="Neo4j"', 'Content-Length': '138'} 
 body={
  "errors" : [ {
    "code" : "Neo.ClientError.Security.Unauthorized",
    "message" : "No authentication header supplied."
  } ]
} 
 </msg>
<msg timestamp="20230809 13:10:33.438" level="FAIL">Url: http://localhost:7474/api/v1/getMovie Expected status: 401 != 200</msg>
<status status="FAIL" starttime="20230809 13:10:33.435" endtime="20230809 13:10:33.438"></status>
</kw>
<timeout value="30 seconds"></timeout>
<status status="FAIL" starttime="20230809 13:10:33.432" endtime="20230809 13:10:33.438" critical="yes">Url: http://localhost:7474/api/v1/getMovie Expected status: 401 != 200</status>
</test>
<test id="s1-s1-s1-s1-s1-s1-s1-s1-t10" name="getMovieFail">
<kw name="Create Dictionary" library="BuiltIn">
<doc>Creates and returns a dictionary based on the given ``items``.</doc>
<arguments>
<arg>Content-Type=application/json</arg>
</arguments>
<assign>
<var>${headers}</var>
</assign>
<msg timestamp="20230809 13:10:33.439" level="INFO">${headers} = {'Content-Type': 'application/json'}</msg>
<status status="PASS" starttime="20230809 13:10:33.439" endtime="20230809 13:10:33.439"></status>
</kw>
<kw name="Create Dictionary" library="BuiltIn">
<doc>Creates and returns a dictionary based on the given ``items``.</doc>
<arguments>
<arg>movieId=mov123</arg>
</arguments>
<assign>
<var>${params}</var>
</assign>
<msg timestamp="20230809 13:10:33.441" level="INFO">${params} = {'movieId': 'mov123'}</msg>
<status status="PASS" starttime="20230809 13:10:33.439" endtime="20230809 13:10:33.441"></status>
</kw>
<kw name="PUT On Session" library="RequestsLibrary">
<doc>Sends a PUT request on a previously created HTTP Session.</doc>
<arguments>
<arg>localhost</arg>
<arg>/api/v1/getMovie</arg>
<arg>json=${params}</arg>
<arg>headers=${headers}</arg>
<arg>expected_status=400</arg>
</arguments>
<assign>
<var>${resp}</var>
</assign>
<msg timestamp="20230809 13:10:33.446" level="INFO">PUT Request : url=http://localhost:7474/api/v1/getMovie 
 path_url=/api/v1/getMovie 
 headers={'User-Agent': 'python-requests/2.31.0', 'Accept-Encoding': 'gzip, deflate', 'Accept': '*/*', 'Connection': 'keep-alive', 'Content-Type': 'application/json', 'Content-Length': '21'} 
 body=b'{"movieId": "mov123"}' 
 </msg>
<msg timestamp="20230809 13:10:33.446" level="INFO">PUT Response : url=http://localhost:7474/api/v1/getMovie 
 status=401, reason=Unauthorized 
 headers={'Date': 'Wed, 09 Aug 2023 17:10:33 GMT', 'Access-Control-Allow-Origin': '*', 'Content-Type': 'application/json;charset=utf-8', 'WWW-Authenticate': 'Basic realm="Neo4j"', 'Content-Length': '138'} 
 body={
  "errors" : [ {
    "code" : "Neo.ClientError.Security.Unauthorized",
    "message" : "No authentication header supplied."
  } ]
} 
 </msg>
<msg timestamp="20230809 13:10:33.448" level="FAIL">Url: http://localhost:7474/api/v1/getMovie Expected status: 401 != 400</msg>
<status status="FAIL" starttime="20230809 13:10:33.441" endtime="20230809 13:10:33.448"></status>
</kw>
<timeout value="30 seconds"></timeout>
<status status="FAIL" starttime="20230809 13:10:33.439" endtime="20230809 13:10:33.448" critical="yes">Url: http://localhost:7474/api/v1/getMovie Expected status: 401 != 400</status>
</test>
<test id="s1-s1-s1-s1-s1-s1-s1-s1-t11" name="hasRelationshipPass">
<kw name="Create Dictionary" library="BuiltIn">
<doc>Creates and returns a dictionary based on the given ``items``.</doc>
<arguments>
<arg>Content-Type=application/json</arg>
</arguments>
<assign>
<var>${headers}</var>
</assign>
<msg timestamp="20230809 13:10:33.453" level="INFO">${headers} = {'Content-Type': 'application/json'}</msg>
<status status="PASS" starttime="20230809 13:10:33.453" endtime="20230809 13:10:33.454"></status>
</kw>
<kw name="Create Dictionary" library="BuiltIn">
<doc>Creates and returns a dictionary based on the given ``items``.</doc>
<arguments>
<arg>author=George Orwell</arg>
<arg>title=1984</arg>
</arguments>
<assign>
<var>${params}</var>
</assign>
<msg timestamp="20230809 13:10:33.457" level="INFO">${params} = {'author': 'George Orwell', 'title': '1984'}</msg>
<status status="PASS" starttime="20230809 13:10:33.455" endtime="20230809 13:10:33.457"></status>
</kw>
<kw name="GET On Session" library="RequestsLibrary">
<doc>Sends a GET request on a previously created HTTP Session.</doc>
<arguments>
<arg>localhost</arg>
<arg>/api/v1/hasRelationship</arg>
<arg>params=${params}</arg>
<arg>headers=${headers}</arg>
<arg>expected_status=200</arg>
</arguments>
<assign>
<var>${resp}</var>
</assign>
<msg timestamp="20230809 13:10:33.461" level="INFO">GET Request : url=http://localhost:7474/api/v1/hasRelationship?author=George+Orwell&amp;title=1984 
 path_url=/api/v1/hasRelationship?author=George+Orwell&amp;title=1984 
 headers={'User-Agent': 'python-requests/2.31.0', 'Accept-Encoding': 'gzip, deflate', 'Accept': '*/*', 'Connection': 'keep-alive', 'Content-Type': 'application/json'} 
 body=None 
 </msg>
<msg timestamp="20230809 13:10:33.461" level="INFO">GET Response : url=http://localhost:7474/api/v1/hasRelationship?author=George+Orwell&amp;title=1984 
 status=401, reason=Unauthorized 
 headers={'Date': 'Wed, 09 Aug 2023 17:10:33 GMT', 'Access-Control-Allow-Origin': '*', 'Content-Type': 'application/json;charset=utf-8', 'WWW-Authenticate': 'Basic realm="Neo4j"', 'Content-Length': '138'} 
 body={
  "errors" : [ {
    "code" : "Neo.ClientError.Security.Unauthorized",
    "message" : "No authentication header supplied."
  } ]
} 
 </msg>
<msg timestamp="20230809 13:10:33.462" level="FAIL">Url: http://localhost:7474/api/v1/hasRelationship?author=George+Orwell&amp;title=1984 Expected status: 401 != 200</msg>
<status status="FAIL" starttime="20230809 13:10:33.457" endtime="20230809 13:10:33.463"></status>
</kw>
<timeout value="30 seconds"></timeout>
<status status="FAIL" starttime="20230809 13:10:33.450" endtime="20230809 13:10:33.463" critical="yes">Url: http://localhost:7474/api/v1/hasRelationship?author=George+Orwell&amp;title=1984 Expected status: 401 != 200</status>
</test>
<test id="s1-s1-s1-s1-s1-s1-s1-s1-t12" name="hasRelationshipFail">
<kw name="Create Dictionary" library="BuiltIn">
<doc>Creates and returns a dictionary based on the given ``items``.</doc>
<arguments>
<arg>Content-Type=application/json</arg>
</arguments>
<assign>
<var>${headers}</var>
</assign>
<msg timestamp="20230809 13:10:33.464" level="INFO">${headers} = {'Content-Type': 'application/json'}</msg>
<status status="PASS" starttime="20230809 13:10:33.464" endtime="20230809 13:10:33.464"></status>
</kw>
<kw name="Create Dictionary" library="BuiltIn">
<doc>Creates and returns a dictionary based on the given ``items``.</doc>
<arguments>
<arg>author=George Orwell</arg>
<arg>title=1984</arg>
</arguments>
<assign>
<var>${params}</var>
</assign>
<msg timestamp="20230809 13:10:33.465" level="INFO">${params} = {'author': 'George Orwell', 'title': '1984'}</msg>
<status status="PASS" starttime="20230809 13:10:33.464" endtime="20230809 13:10:33.465"></status>
</kw>
<kw name="GET On Session" library="RequestsLibrary">
<doc>Sends a GET request on a previously created HTTP Session.</doc>
<arguments>
<arg>localhost</arg>
<arg>/api/v1/hasRelationship</arg>
<arg>params=${params}</arg>
<arg>headers=${headers}</arg>
<arg>expected_status=200</arg>
</arguments>
<assign>
<var>${resp}</var>
</assign>
<msg timestamp="20230809 13:10:33.468" level="INFO">GET Request : url=http://localhost:7474/api/v1/hasRelationship?author=George+Orwell&amp;title=1984 
 path_url=/api/v1/hasRelationship?author=George+Orwell&amp;title=1984 
 headers={'User-Agent': 'python-requests/2.31.0', 'Accept-Encoding': 'gzip, deflate', 'Accept': '*/*', 'Connection': 'keep-alive', 'Content-Type': 'application/json'} 
 body=None 
 </msg>
<msg timestamp="20230809 13:10:33.468" level="INFO">GET Response : url=http://localhost:7474/api/v1/hasRelationship?author=George+Orwell&amp;title=1984 
 status=401, reason=Unauthorized 
 headers={'Date': 'Wed, 09 Aug 2023 17:10:33 GMT', 'Access-Control-Allow-Origin': '*', 'Content-Type': 'application/json;charset=utf-8', 'WWW-Authenticate': 'Basic realm="Neo4j"', 'Content-Length': '138'} 
 body={
  "errors" : [ {
    "code" : "Neo.ClientError.Security.Unauthorized",
    "message" : "No authentication header supplied."
  } ]
} 
 </msg>
<msg timestamp="20230809 13:10:33.469" level="FAIL">Url: http://localhost:7474/api/v1/hasRelationship?author=George+Orwell&amp;title=1984 Expected status: 401 != 200</msg>
<status status="FAIL" starttime="20230809 13:10:33.465" endtime="20230809 13:10:33.469"></status>
</kw>
<timeout value="30 seconds"></timeout>
<status status="FAIL" starttime="20230809 13:10:33.463" endtime="20230809 13:10:33.470" critical="yes">Url: http://localhost:7474/api/v1/hasRelationship?author=George+Orwell&amp;title=1984 Expected status: 401 != 200</status>
</test>
<status status="FAIL" starttime="20230809 13:10:31.192" endtime="20230809 13:10:33.470"></status>
</suite>
<status status="FAIL" starttime="20230809 13:10:31.189" endtime="20230809 13:10:33.472"></status>
</suite>
<status status="FAIL" starttime="20230809 13:10:31.187" endtime="20230809 13:10:33.475"></status>
</suite>
<status status="FAIL" starttime="20230809 13:10:31.185" endtime="20230809 13:10:33.477"></status>
</suite>
<status status="FAIL" starttime="20230809 13:10:31.184" endtime="20230809 13:10:33.479"></status>
</suite>
<status status="FAIL" starttime="20230809 13:10:31.181" endtime="20230809 13:10:33.482"></status>
</suite>
<status status="FAIL" starttime="20230809 13:10:31.173" endtime="20230809 13:10:33.483"></status>
</suite>
<status status="FAIL" starttime="20230809 13:10:31.148" endtime="20230809 13:10:33.487"></status>
</suite>
<statistics>
<total>
<stat pass="0" fail="12">Critical Tests</stat>
<stat pass="0" fail="12">All Tests</stat>
</total>
<tag>
</tag>
<suite>
<stat pass="0" fail="12" id="s1" name="Project">Project</stat>
<stat pass="0" fail="12" id="s1-s1" name="Src">Project.Src</stat>
<stat pass="0" fail="12" id="s1-s1-s1" name="Main">Project.Src.Main</stat>
<stat pass="0" fail="12" id="s1-s1-s1-s1" name="Java">Project.Src.Main.Java</stat>
<stat pass="0" fail="12" id="s1-s1-s1-s1-s1" name="Ca">Project.Src.Main.Java.Ca</stat>
<stat pass="0" fail="12" id="s1-s1-s1-s1-s1-s1" name="Yorku">Project.Src.Main.Java.Ca.Yorku</stat>
<stat pass="0" fail="12" id="s1-s1-s1-s1-s1-s1-s1" name="Eecs">Project.Src.Main.Java.Ca.Yorku.Eecs</stat>
<stat pass="0" fail="12" id="s1-s1-s1-s1-s1-s1-s1-s1" name="testRobot">Project.Src.Main.Java.Ca.Yorku.Eecs.testRobot</stat>
</suite>
</statistics>
<errors>
</errors>
</robot>
